<?xml version="1.0" encoding="utf-8"?>
<TestRun id="6ab87e2b-9e51-4906-912b-4ba18f2e9aec" name="jhgar@MSI 2026-05-31 23:00:27" runUser="MSI\jhgar" xmlns="http://microsoft.com/schemas/VisualStudio/TeamTest/2010">
  <Times creation="2026-05-31T23:00:27.7496499-05:00" queuing="2026-05-31T23:00:27.7496503-05:00" start="2026-05-31T23:00:26.0163436-05:00" finish="2026-05-31T23:00:27.9366969-05:00" />
  <TestSettings name="default" id="d4f0af56-f5bc-405e-aca1-b702e6e423af">
    <Deployment runDeploymentRoot="jhgar_MSI_2026-05-31_23_00_27" />
  </TestSettings>
  <Results>
    <UnitTestResult executionId="863d158c-10cf-48cd-82c7-21d3574bcef6" testId="a0ed08ea-6ff9-5bbf-6bdf-a81ada944bea" testName="LigaVoleibol.Tests.PlayersControllerTests.DeletePlayer_ReturnsNoContent_WhenExists" computerName="MSI" duration="00:00:00.0278365" startTime="2026-05-31T23:00:27.7148424-05:00" endTime="2026-05-31T23:00:27.7148425-05:00" testType="13cdc9d9-ddb5-4fa4-a97d-d965ccfc6d4b" outcome="Failed" testListId="8c84fa94-04c1-424b-9868-57a2d4851a1d" relativeResultsDirectory="863d158c-10cf-48cd-82c7-21d3574bcef6">
      <Output>
        <ErrorInfo>
          <Message>System.Net.Http.HttpRequestException : Response status code does not indicate success: 400 (Bad Request).</Message>
          <StackTrace>   at System.Net.Http.HttpResponseMessage.EnsureSuccessStatusCode()&#xD;
   at LigaVoleibol.Tests.PlayersControllerTests.CreatePlayer(HttpClient client, String first, String last, Int32 teamId, Int32 jersey) in C:\Users\jhgar\liga-voleibol-bogota\LigaVoleibol.Tests\PlayersControllerTests.cs:line 123&#xD;
   at LigaVoleibol.Tests.PlayersControllerTests.DeletePlayer_ReturnsNoContent_WhenExists() in C:\Users\jhgar\liga-voleibol-bogota\LigaVoleibol.Tests\PlayersControllerTests.cs:line 98&#xD;
--- End of stack trace from previous location ---</StackTrace>
        </ErrorInfo>
      </Output>
    </UnitTestResult>
    <UnitTestResult executionId="e321e079-d518-4f14-b258-ca5d0a02e5b3" testId="80591870-7618-0efb-eb8f-8552a3fbe4d4" testName="LigaVoleibol.Tests.PlayersControllerTests.PutPlayer_ReturnsOk_WhenExists" computerName="MSI" duration="00:00:00.0389250" startTime="2026-05-31T23:00:27.8228239-05:00" endTime="2026-05-31T23:00:27.8228242-05:00" testType="13cdc9d9-ddb5-4fa4-a97d-d965ccfc6d4b" outcome="Failed" testListId="8c84fa94-04c1-424b-9868-57a2d4851a1d" relativeResultsDirectory="e321e079-d518-4f14-b258-ca5d0a02e5b3">
      <Output>
        <ErrorInfo>
          <Message>System.Net.Http.HttpRequestException : Response status code does not indicate success: 400 (Bad Request).</Message>
          <StackTrace>   at System.Net.Http.HttpResponseMessage.EnsureSuccessStatusCode()&#xD;
   at LigaVoleibol.Tests.PlayersControllerTests.CreatePlayer(HttpClient client, String first, String last, Int32 teamId, Int32 jersey) in C:\Users\jhgar\liga-voleibol-bogota\LigaVoleibol.Tests\PlayersControllerTests.cs:line 123&#xD;
   at LigaVoleibol.Tests.PlayersControllerTests.PutPlayer_ReturnsOk_WhenExists() in C:\Users\jhgar\liga-voleibol-bogota\LigaVoleibol.Tests\PlayersControllerTests.cs:line 75&#xD;
--- End of stack trace from previous location ---</StackTrace>
        </ErrorInfo>
      </Output>
    </UnitTestResult>
    <UnitTestResult executionId="1d3fece9-4322-4b50-a276-082133c7bb97" testId="66d8cfa9-ebc2-1841-1e41-ea7addcad0ed" testName="LigaVoleibol.Tests.TeamsControllerTests.GetTeamById_ReturnsNotFound_WhenMissing" computerName="MSI" duration="00:00:00.8771197" startTime="2026-05-31T23:00:27.5408722-05:00" endTime="2026-05-31T23:00:27.5408726-05:00" testType="13cdc9d9-ddb5-4fa4-a97d-d965ccfc6d4b" outcome="Passed" testListId="8c84fa94-04c1-424b-9868-57a2d4851a1d" relativeResultsDirectory="1d3fece9-4322-4b50-a276-082133c7bb97" />
    <UnitTestResult executionId="7ac29f89-5d06-4b69-93e6-e7b75c4b605f" testId="2600aaa0-3948-a14a-6791-76d94509122c" testName="LigaVoleibol.Tests.PlayersControllerTests.GetPlayers_WithTeamId_ReturnsFilteredList" computerName="MSI" duration="00:00:00.8930870" startTime="2026-05-31T23:00:27.5797558-05:00" endTime="2026-05-31T23:00:27.5797560-05:00" testType="13cdc9d9-ddb5-4fa4-a97d-d965ccfc6d4b" outcome="Failed" testListId="8c84fa94-04c1-424b-9868-57a2d4851a1d" relativeResultsDirectory="7ac29f89-5d06-4b69-93e6-e7b75c4b605f">
      <Output>
        <ErrorInfo>
          <Message>System.Net.Http.HttpRequestException : Response status code does not indicate success: 400 (Bad Request).</Message>
          <StackTrace>   at System.Net.Http.HttpResponseMessage.EnsureSuccessStatusCode()&#xD;
   at LigaVoleibol.Tests.PlayersControllerTests.CreatePlayer(HttpClient client, String first, String last, Int32 teamId, Int32 jersey) in C:\Users\jhgar\liga-voleibol-bogota\LigaVoleibol.Tests\PlayersControllerTests.cs:line 123&#xD;
   at LigaVoleibol.Tests.PlayersControllerTests.GetPlayers_WithTeamId_ReturnsFilteredList() in C:\Users\jhgar\liga-voleibol-bogota\LigaVoleibol.Tests\PlayersControllerTests.cs:line 22&#xD;
--- End of stack trace from previous location ---</StackTrace>
        </ErrorInfo>
      </Output>
    </UnitTestResult>
    <UnitTestResult executionId="9039567d-429e-4926-9529-ee45bd6aca8c" testId="04b9301c-b32a-af6c-8aa5-4d807d2555b9" testName="LigaVoleibol.Tests.PlayersControllerTests.GetPlayers_WithoutFilter_ReturnsAll" computerName="MSI" duration="00:00:00.0415794" startTime="2026-05-31T23:00:27.6471728-05:00" endTime="2026-05-31T23:00:27.6471731-05:00" testType="13cdc9d9-ddb5-4fa4-a97d-d965ccfc6d4b" outcome="Failed" testListId="8c84fa94-04c1-424b-9868-57a2d4851a1d" relativeResultsDirectory="9039567d-429e-4926-9529-ee45bd6aca8c">
      <Output>
        <ErrorInfo>
          <Message>System.Net.Http.HttpRequestException : Response status code does not indicate success: 400 (Bad Request).</Message>
          <StackTrace>   at System.Net.Http.HttpResponseMessage.EnsureSuccessStatusCode()&#xD;
   at LigaVoleibol.Tests.PlayersControllerTests.CreatePlayer(HttpClient client, String first, String last, Int32 teamId, Int32 jersey) in C:\Users\jhgar\liga-voleibol-bogota\LigaVoleibol.Tests\PlayersControllerTests.cs:line 123&#xD;
   at LigaVoleibol.Tests.PlayersControllerTests.GetPlayers_WithoutFilter_ReturnsAll() in C:\Users\jhgar\liga-voleibol-bogota\LigaVoleibol.Tests\PlayersControllerTests.cs:line 37&#xD;
--- End of stack trace from previous location ---</StackTrace>
        </ErrorInfo>
      </Output>
    </UnitTestResult>
    <UnitTestResult executionId="09550496-c059-41a9-a652-5eadbc026a76" testId="ac98bd27-0eeb-cbc0-bd09-aebb6e19bc08" testName="LigaVoleibol.Tests.TeamsControllerTests.GetTeams_ReturnsOkWithList" computerName="MSI" duration="00:00:00.0501045" startTime="2026-05-31T23:00:27.7155911-05:00" endTime="2026-05-31T23:00:27.7155913-05:00" testType="13cdc9d9-ddb5-4fa4-a97d-d965ccfc6d4b" outcome="Passed" testListId="8c84fa94-04c1-424b-9868-57a2d4851a1d" relativeResultsDirectory="09550496-c059-41a9-a652-5eadbc026a76" />
    <UnitTestResult executionId="64b7bff0-8661-41e1-9b0a-a52026e0ad39" testId="b0c3ca4c-b523-87e3-1d62-8788f19c3d45" testName="LigaVoleibol.Tests.TeamsControllerTests.PutTeam_ReturnsOk_WhenExists" computerName="MSI" duration="00:00:00.0488272" startTime="2026-05-31T23:00:27.6452881-05:00" endTime="2026-05-31T23:00:27.6452882-05:00" testType="13cdc9d9-ddb5-4fa4-a97d-d965ccfc6d4b" outcome="Failed" testListId="8c84fa94-04c1-424b-9868-57a2d4851a1d" relativeResultsDirectory="64b7bff0-8661-41e1-9b0a-a52026e0ad39">
      <Output>
        <ErrorInfo>
          <Message>Assert.Equal() Failure: Values differ&#xD;
Expected: OK&#xD;
Actual:   NotFound</Message>
          <StackTrace>   at LigaVoleibol.Tests.TeamsControllerTests.PutTeam_ReturnsOk_WhenExists() in C:\Users\jhgar\liga-voleibol-bogota\LigaVoleibol.Tests\TeamsControllerTests.cs:line 65&#xD;
--- End of stack trace from previous location ---</StackTrace>
        </ErrorInfo>
      </Output>
    </UnitTestResult>
    <UnitTestResult executionId="fdc06f2b-2f76-4022-af0e-32b4b820b7da" testId="7d03039b-5e3e-83c9-752b-a0d59292e9d2" testName="LigaVoleibol.Tests.PlayersControllerTests.DeletePlayer_ReturnsNotFound_WhenMissing" computerName="MSI" duration="00:00:00.0396726" startTime="2026-05-31T23:00:27.6043986-05:00" endTime="2026-05-31T23:00:27.6043989-05:00" testType="13cdc9d9-ddb5-4fa4-a97d-d965ccfc6d4b" outcome="Passed" testListId="8c84fa94-04c1-424b-9868-57a2d4851a1d" relativeResultsDirectory="fdc06f2b-2f76-4022-af0e-32b4b820b7da" />
    <UnitTestResult executionId="16057d80-b2ca-4f9a-8237-7775df0049fd" testId="9cd364bc-d715-21c1-231b-e85e117d4935" testName="LigaVoleibol.Tests.UnitTest1.Test1" computerName="MSI" duration="00:00:00.0016827" startTime="2026-05-31T23:00:26.6653546-05:00" endTime="2026-05-31T23:00:26.6654023-05:00" testType="13cdc9d9-ddb5-4fa4-a97d-d965ccfc6d4b" outcome="Passed" testListId="8c84fa94-04c1-424b-9868-57a2d4851a1d" relativeResultsDirectory="16057d80-b2ca-4f9a-8237-7775df0049fd" />
    <UnitTestResult executionId="cd5dae7c-14fb-4ba2-9ee3-a2f56fbd6577" testId="34de063b-55fd-58d8-2e75-7747bf0c066b" testName="LigaVoleibol.Tests.TeamsControllerTests.DeleteTeam_ReturnsNotFound_WhenMissing" computerName="MSI" duration="00:00:00.0526982" startTime="2026-05-31T23:00:27.5951561-05:00" endTime="2026-05-31T23:00:27.5951565-05:00" testType="13cdc9d9-ddb5-4fa4-a97d-d965ccfc6d4b" outcome="Passed" testListId="8c84fa94-04c1-424b-9868-57a2d4851a1d" relativeResultsDirectory="cd5dae7c-14fb-4ba2-9ee3-a2f56fbd6577" />
    <UnitTestResult executionId="e7b78422-966c-42f2-b28f-f2d2965babe0" testId="2c6f46fb-3d50-be8c-2967-885a7c0ea29d" testName="LigaVoleibol.Tests.PlayersControllerTests.PutPlayer_ReturnsNotFound_WhenMissing" computerName="MSI" duration="00:00:00.0277771" startTime="2026-05-31T23:00:27.7824402-05:00" endTime="2026-05-31T23:00:27.7824404-05:00" testType="13cdc9d9-ddb5-4fa4-a97d-d965ccfc6d4b" outcome="Passed" testListId="8c84fa94-04c1-424b-9868-57a2d4851a1d" relativeResultsDirectory="e7b78422-966c-42f2-b28f-f2d2965babe0" />
    <UnitTestResult executionId="03389047-95fd-4967-9f29-5b359b3d2a3a" testId="cfafcdde-fa3e-3a02-c9a0-ebe07e7d6113" testName="LigaVoleibol.Tests.TeamsControllerTests.PostTeam_ReturnsCreatedWithId" computerName="MSI" duration="00:00:00.0216360" startTime="2026-05-31T23:00:27.8341809-05:00" endTime="2026-05-31T23:00:27.8341812-05:00" testType="13cdc9d9-ddb5-4fa4-a97d-d965ccfc6d4b" outcome="Passed" testListId="8c84fa94-04c1-424b-9868-57a2d4851a1d" relativeResultsDirectory="03389047-95fd-4967-9f29-5b359b3d2a3a" />
    <UnitTestResult executionId="e120bf5f-79f9-4fbd-a6b0-ce1b903c61f9" testId="d63e3dfc-15ed-208b-ea62-3c62c8ff20c0" testName="LigaVoleibol.Tests.TeamsControllerTests.DeleteTeam_ReturnsNoContent_WhenExists" computerName="MSI" duration="00:00:00.0388558" startTime="2026-05-31T23:00:27.7552023-05:00" endTime="2026-05-31T23:00:27.7552026-05:00" testType="13cdc9d9-ddb5-4fa4-a97d-d965ccfc6d4b" outcome="Failed" testListId="8c84fa94-04c1-424b-9868-57a2d4851a1d" relativeResultsDirectory="e120bf5f-79f9-4fbd-a6b0-ce1b903c61f9">
      <Output>
        <ErrorInfo>
          <Message>Assert.Equal() Failure: Values differ&#xD;
Expected: NoContent&#xD;
Actual:   NotFound</Message>
          <StackTrace>   at LigaVoleibol.Tests.TeamsControllerTests.DeleteTeam_ReturnsNoContent_WhenExists() in C:\Users\jhgar\liga-voleibol-bogota\LigaVoleibol.Tests\TeamsControllerTests.cs:line 85&#xD;
--- End of stack trace from previous location ---</StackTrace>
        </ErrorInfo>
      </Output>
    </UnitTestResult>
    <UnitTestResult executionId="01f2fb3f-48cd-4df0-82b5-b4f09999e931" testId="db31b241-39b2-57fc-f04f-66d33bdcaf53" testName="LigaVoleibol.Tests.TeamsControllerTests.PostTeam_ReturnsBadRequest_WhenNameMissing" computerName="MSI" duration="00:00:00.0215343" startTime="2026-05-31T23:00:27.7765862-05:00" endTime="2026-05-31T23:00:27.7765865-05:00" testType="13cdc9d9-ddb5-4fa4-a97d-d965ccfc6d4b" outcome="Passed" testListId="8c84fa94-04c1-424b-9868-57a2d4851a1d" relativeResultsDirectory="01f2fb3f-48cd-4df0-82b5-b4f09999e931" />
    <UnitTestResult executionId="7d813c03-4d53-40b1-ac56-99d8713ee7e5" testId="b1f4689a-42c0-5a9a-88a9-95cd35a77f8b" testName="LigaVoleibol.Tests.PlayersControllerTests.PostPlayer_ReturnsBadRequest_WhenTeamNotFound" computerName="MSI" duration="00:00:00.0319469" startTime="2026-05-31T23:00:27.7545577-05:00" endTime="2026-05-31T23:00:27.7545580-05:00" testType="13cdc9d9-ddb5-4fa4-a97d-d965ccfc6d4b" outcome="Passed" testListId="8c84fa94-04c1-424b-9868-57a2d4851a1d" relativeResultsDirectory="7d813c03-4d53-40b1-ac56-99d8713ee7e5" />
    <UnitTestResult executionId="03883487-29a2-464d-bd9a-9ac58fa38d14" testId="a1b3f2e7-1bda-32a7-5d09-1a9f8045a303" testName="LigaVoleibol.Tests.PlayersControllerTests.PostPlayer_ReturnsCreated" computerName="MSI" duration="00:00:00.0471512" startTime="2026-05-31T23:00:27.7227291-05:00" endTime="2026-05-31T23:00:27.7227292-05:00" testType="13cdc9d9-ddb5-4fa4-a97d-d965ccfc6d4b" outcome="Failed" testListId="8c84fa94-04c1-424b-9868-57a2d4851a1d" relativeResultsDirectory="03883487-29a2-464d-bd9a-9ac58fa38d14">
      <Output>
        <ErrorInfo>
          <Message>Assert.Equal() Failure: Values differ&#xD;
Expected: Created&#xD;
Actual:   BadRequest</Message>
          <StackTrace>   at LigaVoleibol.Tests.PlayersControllerTests.PostPlayer_ReturnsCreated() in C:\Users\jhgar\liga-voleibol-bogota\LigaVoleibol.Tests\PlayersControllerTests.cs:line 54&#xD;
--- End of stack trace from previous location ---</StackTrace>
        </ErrorInfo>
      </Output>
    </UnitTestResult>
    <UnitTestResult executionId="35a9ffd3-3a8d-4e60-930a-37fdfd39b947" testId="61c74ffd-12b5-e877-0057-6c5cfb8b70a0" testName="LigaVoleibol.Tests.TeamsControllerTests.PutTeam_ReturnsNotFound_WhenMissing" computerName="MSI" duration="00:00:00.0203680" startTime="2026-05-31T23:00:27.6653888-05:00" endTime="2026-05-31T23:00:27.6653889-05:00" testType="13cdc9d9-ddb5-4fa4-a97d-d965ccfc6d4b" outcome="Passed" testListId="8c84fa94-04c1-424b-9868-57a2d4851a1d" relativeResultsDirectory="35a9ffd3-3a8d-4e60-930a-37fdfd39b947" />
    <UnitTestResult executionId="9d5e5c32-9852-4cbd-8ef4-bf6125e5c7bf" testId="20e5fec1-c470-19d8-ac1f-062c12d7158f" testName="LigaVoleibol.Tests.TeamsControllerTests.GetTeamById_ReturnsOk_WhenExists" computerName="MSI" duration="00:00:00.0352787" startTime="2026-05-31T23:00:27.8124086-05:00" endTime="2026-05-31T23:00:27.8124087-05:00" testType="13cdc9d9-ddb5-4fa4-a97d-d965ccfc6d4b" outcome="Failed" testListId="8c84fa94-04c1-424b-9868-57a2d4851a1d" relativeResultsDirectory="9d5e5c32-9852-4cbd-8ef4-bf6125e5c7bf">
      <Output>
        <ErrorInfo>
          <Message>Assert.Equal() Failure: Values differ&#xD;
Expected: OK&#xD;
Actual:   NotFound</Message>
          <StackTrace>   at LigaVoleibol.Tests.TeamsControllerTests.GetTeamById_ReturnsOk_WhenExists() in C:\Users\jhgar\liga-voleibol-bogota\LigaVoleibol.Tests\TeamsControllerTests.cs:line 45&#xD;
--- End of stack trace from previous location ---</StackTrace>
        </ErrorInfo>
      </Output>
    </UnitTestResult>
  </Results>
  <TestDefinitions>
    <UnitTest name="LigaVoleibol.Tests.PlayersControllerTests.PostPlayer_ReturnsCreated" storage="c:\users\jhgar\liga-voleibol-bogota\ligavoleibol.tests\bin\debug\net8.0\ligavoleibol.tests.dll" id="a1b3f2e7-1bda-32a7-5d09-1a9f8045a303">
      <Execution id="03883487-29a2-464d-bd9a-9ac58fa38d14" />
      <TestMethod codeBase="C:\Users\jhgar\liga-voleibol-bogota\LigaVoleibol.Tests\bin\Debug\net8.0\LigaVoleibol.Tests.dll" adapterTypeName="executor://xunit/VsTestRunner2/netcoreapp" className="LigaVoleibol.Tests.PlayersControllerTests" name="PostPlayer_ReturnsCreated" />
    </UnitTest>
    <UnitTest name="LigaVoleibol.Tests.PlayersControllerTests.GetPlayers_WithoutFilter_ReturnsAll" storage="c:\users\jhgar\liga-voleibol-bogota\ligavoleibol.tests\bin\debug\net8.0\ligavoleibol.tests.dll" id="04b9301c-b32a-af6c-8aa5-4d807d2555b9">
      <Execution id="9039567d-429e-4926-9529-ee45bd6aca8c" />
      <TestMethod codeBase="C:\Users\jhgar\liga-voleibol-bogota\LigaVoleibol.Tests\bin\Debug\net8.0\LigaVoleibol.Tests.dll" adapterTypeName="executor://xunit/VsTestRunner2/netcoreapp" className="LigaVoleibol.Tests.PlayersControllerTests" name="GetPlayers_WithoutFilter_ReturnsAll" />
    </UnitTest>
    <UnitTest name="LigaVoleibol.Tests.TeamsControllerTests.PutTeam_ReturnsOk_WhenExists" storage="c:\users\jhgar\liga-voleibol-bogota\ligavoleibol.tests\bin\debug\net8.0\ligavoleibol.tests.dll" id="b0c3ca4c-b523-87e3-1d62-8788f19c3d45">
      <Execution id="64b7bff0-8661-41e1-9b0a-a52026e0ad39" />
      <TestMethod codeBase="C:\Users\jhgar\liga-voleibol-bogota\LigaVoleibol.Tests\bin\Debug\net8.0\LigaVoleibol.Tests.dll" adapterTypeName="executor://xunit/VsTestRunner2/netcoreapp" className="LigaVoleibol.Tests.TeamsControllerTests" name="PutTeam_ReturnsOk_WhenExists" />
    </UnitTest>
    <UnitTest name="LigaVoleibol.Tests.TeamsControllerTests.PutTeam_ReturnsNotFound_WhenMissing" storage="c:\users\jhgar\liga-voleibol-bogota\ligavoleibol.tests\bin\debug\net8.0\ligavoleibol.tests.dll" id="61c74ffd-12b5-e877-0057-6c5cfb8b70a0">
      <Execution id="35a9ffd3-3a8d-4e60-930a-37fdfd39b947" />
      <TestMethod codeBase="C:\Users\jhgar\liga-voleibol-bogota\LigaVoleibol.Tests\bin\Debug\net8.0\LigaVoleibol.Tests.dll" adapterTypeName="executor://xunit/VsTestRunner2/netcoreapp" className="LigaVoleibol.Tests.TeamsControllerTests" name="PutTeam_ReturnsNotFound_WhenMissing" />
    </UnitTest>
    <UnitTest name="LigaVoleibol.Tests.TeamsControllerTests.GetTeamById_ReturnsNotFound_WhenMissing" storage="c:\users\jhgar\liga-voleibol-bogota\ligavoleibol.tests\bin\debug\net8.0\ligavoleibol.tests.dll" id="66d8cfa9-ebc2-1841-1e41-ea7addcad0ed">
      <Execution id="1d3fece9-4322-4b50-a276-082133c7bb97" />
      <TestMethod codeBase="C:\Users\jhgar\liga-voleibol-bogota\LigaVoleibol.Tests\bin\Debug\net8.0\LigaVoleibol.Tests.dll" adapterTypeName="executor://xunit/VsTestRunner2/netcoreapp" className="LigaVoleibol.Tests.TeamsControllerTests" name="GetTeamById_ReturnsNotFound_WhenMissing" />
    </UnitTest>
    <UnitTest name="LigaVoleibol.Tests.TeamsControllerTests.GetTeams_ReturnsOkWithList" storage="c:\users\jhgar\liga-voleibol-bogota\ligavoleibol.tests\bin\debug\net8.0\ligavoleibol.tests.dll" id="ac98bd27-0eeb-cbc0-bd09-aebb6e19bc08">
      <Execution id="09550496-c059-41a9-a652-5eadbc026a76" />
      <TestMethod codeBase="C:\Users\jhgar\liga-voleibol-bogota\LigaVoleibol.Tests\bin\Debug\net8.0\LigaVoleibol.Tests.dll" adapterTypeName="executor://xunit/VsTestRunner2/netcoreapp" className="LigaVoleibol.Tests.TeamsControllerTests" name="GetTeams_ReturnsOkWithList" />
    </UnitTest>
    <UnitTest name="LigaVoleibol.Tests.TeamsControllerTests.PostTeam_ReturnsCreatedWithId" storage="c:\users\jhgar\liga-voleibol-bogota\ligavoleibol.tests\bin\debug\net8.0\ligavoleibol.tests.dll" id="cfafcdde-fa3e-3a02-c9a0-ebe07e7d6113">
      <Execution id="03389047-95fd-4967-9f29-5b359b3d2a3a" />
      <TestMethod codeBase="C:\Users\jhgar\liga-voleibol-bogota\LigaVoleibol.Tests\bin\Debug\net8.0\LigaVoleibol.Tests.dll" adapterTypeName="executor://xunit/VsTestRunner2/netcoreapp" className="LigaVoleibol.Tests.TeamsControllerTests" name="PostTeam_ReturnsCreatedWithId" />
    </UnitTest>
    <UnitTest name="LigaVoleibol.Tests.PlayersControllerTests.PostPlayer_ReturnsBadRequest_WhenTeamNotFound" storage="c:\users\jhgar\liga-voleibol-bogota\ligavoleibol.tests\bin\debug\net8.0\ligavoleibol.tests.dll" id="b1f4689a-42c0-5a9a-88a9-95cd35a77f8b">
      <Execution id="7d813c03-4d53-40b1-ac56-99d8713ee7e5" />
      <TestMethod codeBase="C:\Users\jhgar\liga-voleibol-bogota\LigaVoleibol.Tests\bin\Debug\net8.0\LigaVoleibol.Tests.dll" adapterTypeName="executor://xunit/VsTestRunner2/netcoreapp" className="LigaVoleibol.Tests.PlayersControllerTests" name="PostPlayer_ReturnsBadRequest_WhenTeamNotFound" />
    </UnitTest>
    <UnitTest name="LigaVoleibol.Tests.UnitTest1.Test1" storage="c:\users\jhgar\liga-voleibol-bogota\ligavoleibol.tests\bin\debug\net8.0\ligavoleibol.tests.dll" id="9cd364bc-d715-21c1-231b-e85e117d4935">
      <Execution id="16057d80-b2ca-4f9a-8237-7775df0049fd" />
      <TestMethod codeBase="C:\Users\jhgar\liga-voleibol-bogota\LigaVoleibol.Tests\bin\Debug\net8.0\LigaVoleibol.Tests.dll" adapterTypeName="executor://xunit/VsTestRunner2/netcoreapp" className="LigaVoleibol.Tests.UnitTest1" name="Test1" />
    </UnitTest>
    <UnitTest name="LigaVoleibol.Tests.TeamsControllerTests.DeleteTeam_ReturnsNotFound_WhenMissing" storage="c:\users\jhgar\liga-voleibol-bogota\ligavoleibol.tests\bin\debug\net8.0\ligavoleibol.tests.dll" id="34de063b-55fd-58d8-2e75-7747bf0c066b">
      <Execution id="cd5dae7c-14fb-4ba2-9ee3-a2f56fbd6577" />
      <TestMethod codeBase="C:\Users\jhgar\liga-voleibol-bogota\LigaVoleibol.Tests\bin\Debug\net8.0\LigaVoleibol.Tests.dll" adapterTypeName="executor://xunit/VsTestRunner2/netcoreapp" className="LigaVoleibol.Tests.TeamsControllerTests" name="DeleteTeam_ReturnsNotFound_WhenMissing" />
    </UnitTest>
    <UnitTest name="LigaVoleibol.Tests.PlayersControllerTests.DeletePlayer_ReturnsNoContent_WhenExists" storage="c:\users\jhgar\liga-voleibol-bogota\ligavoleibol.tests\bin\debug\net8.0\ligavoleibol.tests.dll" id="a0ed08ea-6ff9-5bbf-6bdf-a81ada944bea">
      <Execution id="863d158c-10cf-48cd-82c7-21d3574bcef6" />
      <TestMethod codeBase="C:\Users\jhgar\liga-voleibol-bogota\LigaVoleibol.Tests\bin\Debug\net8.0\LigaVoleibol.Tests.dll" adapterTypeName="executor://xunit/VsTestRunner2/netcoreapp" className="LigaVoleibol.Tests.PlayersControllerTests" name="DeletePlayer_ReturnsNoContent_WhenExists" />
    </UnitTest>
    <UnitTest name="LigaVoleibol.Tests.PlayersControllerTests.GetPlayers_WithTeamId_ReturnsFilteredList" storage="c:\users\jhgar\liga-voleibol-bogota\ligavoleibol.tests\bin\debug\net8.0\ligavoleibol.tests.dll" id="2600aaa0-3948-a14a-6791-76d94509122c">
      <Execution id="7ac29f89-5d06-4b69-93e6-e7b75c4b605f" />
      <TestMethod codeBase="C:\Users\jhgar\liga-voleibol-bogota\LigaVoleibol.Tests\bin\Debug\net8.0\LigaVoleibol.Tests.dll" adapterTypeName="executor://xunit/VsTestRunner2/netcoreapp" className="LigaVoleibol.Tests.PlayersControllerTests" name="GetPlayers_WithTeamId_ReturnsFilteredList" />
    </UnitTest>
    <UnitTest name="LigaVoleibol.Tests.PlayersControllerTests.PutPlayer_ReturnsOk_WhenExists" storage="c:\users\jhgar\liga-voleibol-bogota\ligavoleibol.tests\bin\debug\net8.0\ligavoleibol.tests.dll" id="80591870-7618-0efb-eb8f-8552a3fbe4d4">
      <Execution id="e321e079-d518-4f14-b258-ca5d0a02e5b3" />
      <TestMethod codeBase="C:\Users\jhgar\liga-voleibol-bogota\LigaVoleibol.Tests\bin\Debug\net8.0\LigaVoleibol.Tests.dll" adapterTypeName="executor://xunit/VsTestRunner2/netcoreapp" className="LigaVoleibol.Tests.PlayersControllerTests" name="PutPlayer_ReturnsOk_WhenExists" />
    </UnitTest>
    <UnitTest name="LigaVoleibol.Tests.TeamsControllerTests.PostTeam_ReturnsBadRequest_WhenNameMissing" storage="c:\users\jhgar\liga-voleibol-bogota\ligavoleibol.tests\bin\debug\net8.0\ligavoleibol.tests.dll" id="db31b241-39b2-57fc-f04f-66d33bdcaf53">
      <Execution id="01f2fb3f-48cd-4df0-82b5-b4f09999e931" />
      <TestMethod codeBase="C:\Users\jhgar\liga-voleibol-bogota\LigaVoleibol.Tests\bin\Debug\net8.0\LigaVoleibol.Tests.dll" adapterTypeName="executor://xunit/VsTestRunner2/netcoreapp" className="LigaVoleibol.Tests.TeamsControllerTests" name="PostTeam_ReturnsBadRequest_WhenNameMissing" />
    </UnitTest>
    <UnitTest name="LigaVoleibol.Tests.TeamsControllerTests.GetTeamById_ReturnsOk_WhenExists" storage="c:\users\jhgar\liga-voleibol-bogota\ligavoleibol.tests\bin\debug\net8.0\ligavoleibol.tests.dll" id="20e5fec1-c470-19d8-ac1f-062c12d7158f">
      <Execution id="9d5e5c32-9852-4cbd-8ef4-bf6125e5c7bf" />
      <TestMethod codeBase="C:\Users\jhgar\liga-voleibol-bogota\LigaVoleibol.Tests\bin\Debug\net8.0\LigaVoleibol.Tests.dll" adapterTypeName="executor://xunit/VsTestRunner2/netcoreapp" className="LigaVoleibol.Tests.TeamsControllerTests" name="GetTeamById_ReturnsOk_WhenExists" />
    </UnitTest>
    <UnitTest name="LigaVoleibol.Tests.PlayersControllerTests.PutPlayer_ReturnsNotFound_WhenMissing" storage="c:\users\jhgar\liga-voleibol-bogota\ligavoleibol.tests\bin\debug\net8.0\ligavoleibol.tests.dll" id="2c6f46fb-3d50-be8c-2967-885a7c0ea29d">
      <Execution id="e7b78422-966c-42f2-b28f-f2d2965babe0" />
      <TestMethod codeBase="C:\Users\jhgar\liga-voleibol-bogota\LigaVoleibol.Tests\bin\Debug\net8.0\LigaVoleibol.Tests.dll" adapterTypeName="executor://xunit/VsTestRunner2/netcoreapp" className="LigaVoleibol.Tests.PlayersControllerTests" name="PutPlayer_ReturnsNotFound_WhenMissing" />
    </UnitTest>
    <UnitTest name="LigaVoleibol.Tests.TeamsControllerTests.DeleteTeam_ReturnsNoContent_WhenExists" storage="c:\users\jhgar\liga-voleibol-bogota\ligavoleibol.tests\bin\debug\net8.0\ligavoleibol.tests.dll" id="d63e3dfc-15ed-208b-ea62-3c62c8ff20c0">
      <Execution id="e120bf5f-79f9-4fbd-a6b0-ce1b903c61f9" />
      <TestMethod codeBase="C:\Users\jhgar\liga-voleibol-bogota\LigaVoleibol.Tests\bin\Debug\net8.0\LigaVoleibol.Tests.dll" adapterTypeName="executor://xunit/VsTestRunner2/netcoreapp" className="LigaVoleibol.Tests.TeamsControllerTests" name="DeleteTeam_ReturnsNoContent_WhenExists" />
    </UnitTest>
    <UnitTest name="LigaVoleibol.Tests.PlayersControllerTests.DeletePlayer_ReturnsNotFound_WhenMissing" storage="c:\users\jhgar\liga-voleibol-bogota\ligavoleibol.tests\bin\debug\net8.0\ligavoleibol.tests.dll" id="7d03039b-5e3e-83c9-752b-a0d59292e9d2">
      <Execution id="fdc06f2b-2f76-4022-af0e-32b4b820b7da" />
      <TestMethod codeBase="C:\Users\jhgar\liga-voleibol-bogota\LigaVoleibol.Tests\bin\Debug\net8.0\LigaVoleibol.Tests.dll" adapterTypeName="executor://xunit/VsTestRunner2/netcoreapp" className="LigaVoleibol.Tests.PlayersControllerTests" name="DeletePlayer_ReturnsNotFound_WhenMissing" />
    </UnitTest>
  </TestDefinitions>
  <TestEntries>
    <TestEntry testId="a0ed08ea-6ff9-5bbf-6bdf-a81ada944bea" executionId="863d158c-10cf-48cd-82c7-21d3574bcef6" testListId="8c84fa94-04c1-424b-9868-57a2d4851a1d" />
    <TestEntry testId="80591870-7618-0efb-eb8f-8552a3fbe4d4" executionId="e321e079-d518-4f14-b258-ca5d0a02e5b3" testListId="8c84fa94-04c1-424b-9868-57a2d4851a1d" />
    <TestEntry testId="66d8cfa9-ebc2-1841-1e41-ea7addcad0ed" executionId="1d3fece9-4322-4b50-a276-082133c7bb97" testListId="8c84fa94-04c1-424b-9868-57a2d4851a1d" />
    <TestEntry testId="2600aaa0-3948-a14a-6791-76d94509122c" executionId="7ac29f89-5d06-4b69-93e6-e7b75c4b605f" testListId="8c84fa94-04c1-424b-9868-57a2d4851a1d" />
    <TestEntry testId="04b9301c-b32a-af6c-8aa5-4d807d2555b9" executionId="9039567d-429e-4926-9529-ee45bd6aca8c" testListId="8c84fa94-04c1-424b-9868-57a2d4851a1d" />
    <TestEntry testId="ac98bd27-0eeb-cbc0-bd09-aebb6e19bc08" executionId="09550496-c059-41a9-a652-5eadbc026a76" testListId="8c84fa94-04c1-424b-9868-57a2d4851a1d" />
    <TestEntry testId="b0c3ca4c-b523-87e3-1d62-8788f19c3d45" executionId="64b7bff0-8661-41e1-9b0a-a52026e0ad39" testListId="8c84fa94-04c1-424b-9868-57a2d4851a1d" />
    <TestEntry testId="7d03039b-5e3e-83c9-752b-a0d59292e9d2" executionId="fdc06f2b-2f76-4022-af0e-32b4b820b7da" testListId="8c84fa94-04c1-424b-9868-57a2d4851a1d" />
    <TestEntry testId="9cd364bc-d715-21c1-231b-e85e117d4935" executionId="16057d80-b2ca-4f9a-8237-7775df0049fd" testListId="8c84fa94-04c1-424b-9868-57a2d4851a1d" />
    <TestEntry testId="34de063b-55fd-58d8-2e75-7747bf0c066b" executionId="cd5dae7c-14fb-4ba2-9ee3-a2f56fbd6577" testListId="8c84fa94-04c1-424b-9868-57a2d4851a1d" />
    <TestEntry testId="2c6f46fb-3d50-be8c-2967-885a7c0ea29d" executionId="e7b78422-966c-42f2-b28f-f2d2965babe0" testListId="8c84fa94-04c1-424b-9868-57a2d4851a1d" />
    <TestEntry testId="cfafcdde-fa3e-3a02-c9a0-ebe07e7d6113" executionId="03389047-95fd-4967-9f29-5b359b3d2a3a" testListId="8c84fa94-04c1-424b-9868-57a2d4851a1d" />
    <TestEntry testId="d63e3dfc-15ed-208b-ea62-3c62c8ff20c0" executionId="e120bf5f-79f9-4fbd-a6b0-ce1b903c61f9" testListId="8c84fa94-04c1-424b-9868-57a2d4851a1d" />
    <TestEntry testId="db31b241-39b2-57fc-f04f-66d33bdcaf53" executionId="01f2fb3f-48cd-4df0-82b5-b4f09999e931" testListId="8c84fa94-04c1-424b-9868-57a2d4851a1d" />
    <TestEntry testId="b1f4689a-42c0-5a9a-88a9-95cd35a77f8b" executionId="7d813c03-4d53-40b1-ac56-99d8713ee7e5" testListId="8c84fa94-04c1-424b-9868-57a2d4851a1d" />
    <TestEntry testId="a1b3f2e7-1bda-32a7-5d09-1a9f8045a303" executionId="03883487-29a2-464d-bd9a-9ac58fa38d14" testListId="8c84fa94-04c1-424b-9868-57a2d4851a1d" />
    <TestEntry testId="61c74ffd-12b5-e877-0057-6c5cfb8b70a0" executionId="35a9ffd3-3a8d-4e60-930a-37fdfd39b947" testListId="8c84fa94-04c1-424b-9868-57a2d4851a1d" />
    <TestEntry testId="20e5fec1-c470-19d8-ac1f-062c12d7158f" executionId="9d5e5c32-9852-4cbd-8ef4-bf6125e5c7bf" testListId="8c84fa94-04c1-424b-9868-57a2d4851a1d" />
  </TestEntries>
  <TestLists>
    <TestList name="Results Not in a List" id="8c84fa94-04c1-424b-9868-57a2d4851a1d" />
    <TestList name="All Loaded Results" id="19431567-8539-422a-85d7-44ee4e166bda" />
  </TestLists>
  <ResultSummary outcome="Failed">
    <Counters total="18" executed="18" passed="10" failed="8" error="0" timeout="0" aborted="0" inconclusive="0" passedButRunAborted="0" notRunnable="0" notExecuted="0" disconnected="0" warning="0" completed="0" inProgress="0" pending="0" />
    <Output>
      <StdOut>[xUnit.net 00:00:00.00] xUnit.net VSTest Adapter v2.5.3.1+6b60a9e56a (64-bit .NET 8.0.20)&#xD;
[xUnit.net 00:00:00.09]   Discovering: LigaVoleibol.Tests&#xD;
[xUnit.net 00:00:00.13]   Discovered:  LigaVoleibol.Tests&#xD;
[xUnit.net 00:00:00.13]   Starting:    LigaVoleibol.Tests&#xD;
info: Microsoft.EntityFrameworkCore.Update[30100]&#xD;
      Saved 0 entities to in-memory store.&#xD;
info: Microsoft.EntityFrameworkCore.Update[30100]&#xD;
      Saved 0 entities to in-memory store.&#xD;
info: Microsoft.EntityFrameworkCore.Update[30100]&#xD;
      Saved 1 entities to in-memory store.&#xD;
info: Microsoft.EntityFrameworkCore.Update[30100]&#xD;
      Saved 1 entities to in-memory store.&#xD;
[xUnit.net 00:00:01.09]       System.Net.Http.HttpRequestException : Response status code does not indicate success: 400 (Bad Request).&#xD;
info: Microsoft.EntityFrameworkCore.Update[30100]&#xD;
      Saved 0 entities to in-memory store.&#xD;
[xUnit.net 00:00:01.10]       Stack Trace:&#xD;
[xUnit.net 00:00:01.10]            at System.Net.Http.HttpResponseMessage.EnsureSuccessStatusCode()&#xD;
[xUnit.net 00:00:01.10]         C:\Users\jhgar\liga-voleibol-bogota\LigaVoleibol.Tests\PlayersControllerTests.cs(123,0): at LigaVoleibol.Tests.PlayersControllerTests.CreatePlayer(HttpClient client, String first, String last, Int32 teamId, Int32 jersey)&#xD;
[xUnit.net 00:00:01.10]         C:\Users\jhgar\liga-voleibol-bogota\LigaVoleibol.Tests\PlayersControllerTests.cs(22,0): at LigaVoleibol.Tests.PlayersControllerTests.GetPlayers_WithTeamId_ReturnsFilteredList()&#xD;
[xUnit.net 00:00:01.10]         --- End of stack trace from previous location ---&#xD;
info: Microsoft.EntityFrameworkCore.Update[30100]&#xD;
      Saved 0 entities to in-memory store.&#xD;
info: Microsoft.EntityFrameworkCore.Update[30100]&#xD;
      Saved 0 entities to in-memory store.&#xD;
info: Microsoft.EntityFrameworkCore.Update[30100]&#xD;
      Saved 0 entities to in-memory store.&#xD;
info: Microsoft.EntityFrameworkCore.Update[30100]&#xD;
      Saved 1 entities to in-memory store.&#xD;
info: Microsoft.EntityFrameworkCore.Update[30100]&#xD;
      Saved 1 entities to in-memory store.&#xD;
[xUnit.net 00:00:01.17]       Assert.Equal() Failure: Values differ&#xD;
[xUnit.net 00:00:01.17]       Expected: OK&#xD;
[xUnit.net 00:00:01.17]       Actual:   NotFound&#xD;
[xUnit.net 00:00:01.17]       Stack Trace:&#xD;
[xUnit.net 00:00:01.17]         C:\Users\jhgar\liga-voleibol-bogota\LigaVoleibol.Tests\TeamsControllerTests.cs(65,0): at LigaVoleibol.Tests.TeamsControllerTests.PutTeam_ReturnsOk_WhenExists()&#xD;
[xUnit.net 00:00:01.17]         --- End of stack trace from previous location ---&#xD;
[xUnit.net 00:00:01.17]       System.Net.Http.HttpRequestException : Response status code does not indicate success: 400 (Bad Request).&#xD;
[xUnit.net 00:00:01.17]       Stack Trace:&#xD;
[xUnit.net 00:00:01.17]            at System.Net.Http.HttpResponseMessage.EnsureSuccessStatusCode()&#xD;
[xUnit.net 00:00:01.17]         C:\Users\jhgar\liga-voleibol-bogota\LigaVoleibol.Tests\PlayersControllerTests.cs(123,0): at LigaVoleibol.Tests.PlayersControllerTests.CreatePlayer(HttpClient client, String first, String last, Int32 teamId, Int32 jersey)&#xD;
[xUnit.net 00:00:01.17]         C:\Users\jhgar\liga-voleibol-bogota\LigaVoleibol.Tests\PlayersControllerTests.cs(37,0): at LigaVoleibol.Tests.PlayersControllerTests.GetPlayers_WithoutFilter_ReturnsAll()&#xD;
[xUnit.net 00:00:01.17]         --- End of stack trace from previous location ---&#xD;
info: Microsoft.EntityFrameworkCore.Update[30100]&#xD;
      Saved 0 entities to in-memory store.&#xD;
info: Microsoft.EntityFrameworkCore.Update[30100]&#xD;
      Saved 0 entities to in-memory store.&#xD;
info: Microsoft.EntityFrameworkCore.Update[30100]&#xD;
      Saved 1 entities to in-memory store.&#xD;
info: Microsoft.EntityFrameworkCore.Update[30100]&#xD;
      Saved 0 entities to in-memory store.&#xD;
info: Microsoft.EntityFrameworkCore.Update[30100]&#xD;
      Saved 0 entities to in-memory store.&#xD;
info: Microsoft.EntityFrameworkCore.Update[30100]&#xD;
      Saved 1 entities to in-memory store.&#xD;
info: Microsoft.EntityFrameworkCore.Update[30100]&#xD;
      Saved 0 entities to in-memory store.&#xD;
[xUnit.net 00:00:01.24]       System.Net.Http.HttpRequestException : Response status code does not indicate success: 400 (Bad Request).&#xD;
[xUnit.net 00:00:01.24]       Stack Trace:&#xD;
[xUnit.net 00:00:01.24]            at System.Net.Http.HttpResponseMessage.EnsureSuccessStatusCode()&#xD;
[xUnit.net 00:00:01.24]         C:\Users\jhgar\liga-voleibol-bogota\LigaVoleibol.Tests\PlayersControllerTests.cs(123,0): at LigaVoleibol.Tests.PlayersControllerTests.CreatePlayer(HttpClient client, String first, String last, Int32 teamId, Int32 jersey)&#xD;
[xUnit.net 00:00:01.24]         C:\Users\jhgar\liga-voleibol-bogota\LigaVoleibol.Tests\PlayersControllerTests.cs(98,0): at LigaVoleibol.Tests.PlayersControllerTests.DeletePlayer_ReturnsNoContent_WhenExists()&#xD;
[xUnit.net 00:00:01.24]         --- End of stack trace from previous location ---&#xD;
[xUnit.net 00:00:01.25]       Assert.Equal() Failure: Values differ&#xD;
[xUnit.net 00:00:01.25]       Expected: Created&#xD;
[xUnit.net 00:00:01.25]       Actual:   BadRequest&#xD;
[xUnit.net 00:00:01.25]       Stack Trace:&#xD;
[xUnit.net 00:00:01.25]         C:\Users\jhgar\liga-voleibol-bogota\LigaVoleibol.Tests\PlayersControllerTests.cs(54,0): at LigaVoleibol.Tests.PlayersControllerTests.PostPlayer_ReturnsCreated()&#xD;
[xUnit.net 00:00:01.25]         --- End of stack trace from previous location ---&#xD;
info: Microsoft.EntityFrameworkCore.Update[30100]&#xD;
      Saved 0 entities to in-memory store.&#xD;
info: Microsoft.EntityFrameworkCore.Update[30100]&#xD;
      Saved 1 entities to in-memory store.&#xD;
[xUnit.net 00:00:01.28]       Assert.Equal() Failure: Values differ&#xD;
[xUnit.net 00:00:01.28]       Expected: NoContent&#xD;
[xUnit.net 00:00:01.28]       Actual:   NotFound&#xD;
[xUnit.net 00:00:01.28]       Stack Trace:&#xD;
[xUnit.net 00:00:01.28]         C:\Users\jhgar\liga-voleibol-bogota\LigaVoleibol.Tests\TeamsControllerTests.cs(85,0): at LigaVoleibol.Tests.TeamsControllerTests.DeleteTeam_ReturnsNoContent_WhenExists()&#xD;
[xUnit.net 00:00:01.28]         --- End of stack trace from previous location ---&#xD;
info: Microsoft.EntityFrameworkCore.Update[30100]&#xD;
      Saved 0 entities to in-memory store.&#xD;
info: Microsoft.EntityFrameworkCore.Update[30100]&#xD;
      Saved 0 entities to in-memory store.&#xD;
info: Microsoft.EntityFrameworkCore.Update[30100]&#xD;
      Saved 1 entities to in-memory store.&#xD;
info: Microsoft.EntityFrameworkCore.Update[30100]&#xD;
      Saved 0 entities to in-memory store.&#xD;
info: Microsoft.EntityFrameworkCore.Update[30100]&#xD;
      Saved 0 entities to in-memory store.&#xD;
info: Microsoft.EntityFrameworkCore.Update[30100]&#xD;
      Saved 1 entities to in-memory store.&#xD;
info: Microsoft.EntityFrameworkCore.Update[30100]&#xD;
      Saved 1 entities to in-memory store.&#xD;
[xUnit.net 00:00:01.34]       Assert.Equal() Failure: Values differ&#xD;
[xUnit.net 00:00:01.34]       Expected: OK&#xD;
[xUnit.net 00:00:01.34]       Actual:   NotFound&#xD;
[xUnit.net 00:00:01.34]       Stack Trace:&#xD;
[xUnit.net 00:00:01.34]         C:\Users\jhgar\liga-voleibol-bogota\LigaVoleibol.Tests\TeamsControllerTests.cs(45,0): at LigaVoleibol.Tests.TeamsControllerTests.GetTeamById_ReturnsOk_WhenExists()&#xD;
[xUnit.net 00:00:01.34]         --- End of stack trace from previous location ---&#xD;
[xUnit.net 00:00:01.35]       System.Net.Http.HttpRequestException : Response status code does not indicate success: 400 (Bad Request).&#xD;
[xUnit.net 00:00:01.35]       Stack Trace:&#xD;
[xUnit.net 00:00:01.35]            at System.Net.Http.HttpResponseMessage.EnsureSuccessStatusCode()&#xD;
[xUnit.net 00:00:01.35]         C:\Users\jhgar\liga-voleibol-bogota\LigaVoleibol.Tests\PlayersControllerTests.cs(123,0): at LigaVoleibol.Tests.PlayersControllerTests.CreatePlayer(HttpClient client, String first, String last, Int32 teamId, Int32 jersey)&#xD;
[xUnit.net 00:00:01.35]         C:\Users\jhgar\liga-voleibol-bogota\LigaVoleibol.Tests\PlayersControllerTests.cs(75,0): at LigaVoleibol.Tests.PlayersControllerTests.PutPlayer_ReturnsOk_WhenExists()&#xD;
[xUnit.net 00:00:01.35]         --- End of stack trace from previous location ---&#xD;
info: Microsoft.EntityFrameworkCore.Update[30100]&#xD;
      Saved 0 entities to in-memory store.&#xD;
info: Microsoft.EntityFrameworkCore.Update[30100]&#xD;
      Saved 1 entities to in-memory store.&#xD;
[xUnit.net 00:00:01.36]   Finished:    LigaVoleibol.Tests&#xD;
</StdOut>
    </Output>
    <RunInfos>
      <RunInfo computerName="MSI" outcome="Error" timestamp="2026-05-31T23:00:27.5685445-05:00">
        <Text>[xUnit.net 00:00:01.09]     LigaVoleibol.Tests.PlayersControllerTests.GetPlayers_WithTeamId_ReturnsFilteredList [FAIL]</Text>
      </RunInfo>
      <RunInfo computerName="MSI" outcome="Error" timestamp="2026-05-31T23:00:27.6453749-05:00">
        <Text>[xUnit.net 00:00:01.17]     LigaVoleibol.Tests.TeamsControllerTests.PutTeam_ReturnsOk_WhenExists [FAIL]</Text>
      </RunInfo>
      <RunInfo computerName="MSI" outcome="Error" timestamp="2026-05-31T23:00:27.6474800-05:00">
        <Text>[xUnit.net 00:00:01.17]     LigaVoleibol.Tests.PlayersControllerTests.GetPlayers_WithoutFilter_ReturnsAll [FAIL]</Text>
      </RunInfo>
      <RunInfo computerName="MSI" outcome="Error" timestamp="2026-05-31T23:00:27.7586114-05:00">
        <Text>[xUnit.net 00:00:01.24]     LigaVoleibol.Tests.PlayersControllerTests.DeletePlayer_ReturnsNoContent_WhenExists [FAIL]</Text>
      </RunInfo>
      <RunInfo computerName="MSI" outcome="Error" timestamp="2026-05-31T23:00:27.7586815-05:00">
        <Text>[xUnit.net 00:00:01.25]     LigaVoleibol.Tests.PlayersControllerTests.PostPlayer_ReturnsCreated [FAIL]</Text>
      </RunInfo>
      <RunInfo computerName="MSI" outcome="Error" timestamp="2026-05-31T23:00:27.7587390-05:00">
        <Text>[xUnit.net 00:00:01.28]     LigaVoleibol.Tests.TeamsControllerTests.DeleteTeam_ReturnsNoContent_WhenExists [FAIL]</Text>
      </RunInfo>
      <RunInfo computerName="MSI" outcome="Error" timestamp="2026-05-31T23:00:27.8126238-05:00">
        <Text>[xUnit.net 00:00:01.34]     LigaVoleibol.Tests.TeamsControllerTests.GetTeamById_ReturnsOk_WhenExists [FAIL]</Text>
      </RunInfo>
      <RunInfo computerName="MSI" outcome="Error" timestamp="2026-05-31T23:00:27.8229718-05:00">
        <Text>[xUnit.net 00:00:01.35]     LigaVoleibol.Tests.PlayersControllerTests.PutPlayer_ReturnsOk_WhenExists [FAIL]</Text>
      </RunInfo>
    </RunInfos>
  </ResultSummary>
</TestRun>