<?xml version="1.0" encoding="utf-8"?>
<TestRun id="6700d135-3963-476c-bdd9-e5f55e565752" name="jhgar@MSI 2026-05-31 22:55:37" runUser="MSI\jhgar" xmlns="http://microsoft.com/schemas/VisualStudio/TeamTest/2010">
  <Times creation="2026-05-31T22:55:37.6302322-05:00" queuing="2026-05-31T22:55:37.6302326-05:00" start="2026-05-31T22:55:31.6117707-05:00" finish="2026-05-31T22:55:38.8582792-05:00" />
  <TestSettings name="default" id="12ec1276-c00a-475b-8708-bdea0cc828ae">
    <Deployment runDeploymentRoot="jhgar_MSI_2026-05-31_22_55_37" />
  </TestSettings>
  <Results>
    <UnitTestResult executionId="e671b7d7-64a2-4037-9fda-a78e773ccd6e" testId="a1b3f2e7-1bda-32a7-5d09-1a9f8045a303" testName="LigaVoleibol.Tests.PlayersControllerTests.PostPlayer_ReturnsCreated" computerName="MSI" duration="00:00:00.0010000" startTime="2026-05-31T22:55:38.6939688-05:00" endTime="2026-05-31T22:55:38.6939690-05:00" testType="13cdc9d9-ddb5-4fa4-a97d-d965ccfc6d4b" outcome="Failed" testListId="8c84fa94-04c1-424b-9868-57a2d4851a1d" relativeResultsDirectory="e671b7d7-64a2-4037-9fda-a78e773ccd6e">
      <Output>
        <ErrorInfo>
          <Message>System.InvalidOperationException : Services for database providers 'Npgsql.EntityFrameworkCore.PostgreSQL', 'Microsoft.EntityFrameworkCore.InMemory' have been registered in the service provider. Only a single database provider can be registered in a service provider. If possible, ensure that Entity Framework is managing its service provider by removing the call to 'UseInternalServiceProvider'. Otherwise, consider conditionally registering the database provider, or maintaining one service provider per database provider.</Message>
          <StackTrace>   at Microsoft.EntityFrameworkCore.Internal.DbContextServices.Initialize(IServiceProvider scopedProvider, DbContextOptions contextOptions, DbContext context)&#xD;
   at Microsoft.EntityFrameworkCore.DbContext.get_ContextServices()&#xD;
   at Microsoft.EntityFrameworkCore.DbContext.get_InternalServiceProvider()&#xD;
   at Microsoft.EntityFrameworkCore.DbContext.Microsoft.EntityFrameworkCore.Infrastructure.IInfrastructure&lt;System.IServiceProvider&gt;.get_Instance()&#xD;
   at Microsoft.EntityFrameworkCore.Infrastructure.Internal.InfrastructureExtensions.GetService(IInfrastructure`1 accessor, Type serviceType)&#xD;
   at Microsoft.EntityFrameworkCore.Infrastructure.Internal.InfrastructureExtensions.GetService[TService](IInfrastructure`1 accessor)&#xD;
   at Microsoft.EntityFrameworkCore.Infrastructure.AccessorExtensions.GetService[TService](IInfrastructure`1 accessor)&#xD;
   at Microsoft.EntityFrameworkCore.Infrastructure.DatabaseFacade.get_ProviderName()&#xD;
   at Program.&lt;Main&gt;$(String[] args) in C:\Users\jhgar\liga-voleibol-bogota\LigaVoleibol.API\Program.cs:line 36&#xD;
   at InvokeStub_Program.&lt;Main&gt;$(Object, Span`1)&#xD;
   at System.Reflection.MethodBaseInvoker.InvokeWithOneArg(Object obj, BindingFlags invokeAttr, Binder binder, Object[] parameters, CultureInfo culture)&#xD;
--- End of stack trace from previous location ---&#xD;
   at Microsoft.AspNetCore.Mvc.Testing.DeferredHostBuilder.DeferredHost.StartAsync(CancellationToken cancellationToken)&#xD;
   at Microsoft.Extensions.Hosting.HostingAbstractionsHostExtensions.Start(IHost host)&#xD;
   at Microsoft.AspNetCore.Mvc.Testing.WebApplicationFactory`1.CreateHost(IHostBuilder builder)&#xD;
   at Microsoft.AspNetCore.Mvc.Testing.WebApplicationFactory`1.DelegatedWebApplicationFactory.CreateHost(IHostBuilder builder)&#xD;
   at Microsoft.AspNetCore.Mvc.Testing.WebApplicationFactory`1.ConfigureHostBuilder(IHostBuilder hostBuilder)&#xD;
   at Microsoft.AspNetCore.Mvc.Testing.WebApplicationFactory`1.EnsureServer()&#xD;
   at Microsoft.AspNetCore.Mvc.Testing.WebApplicationFactory`1.CreateDefaultClient(DelegatingHandler[] handlers)&#xD;
   at Microsoft.AspNetCore.Mvc.Testing.WebApplicationFactory`1.CreateDefaultClient(Uri baseAddress, DelegatingHandler[] handlers)&#xD;
   at Microsoft.AspNetCore.Mvc.Testing.WebApplicationFactory`1.CreateClient(WebApplicationFactoryClientOptions options)&#xD;
   at Microsoft.AspNetCore.Mvc.Testing.WebApplicationFactory`1.CreateClient()&#xD;
   at LigaVoleibol.Tests.PlayersControllerTests..ctor() in C:\Users\jhgar\liga-voleibol-bogota\LigaVoleibol.Tests\PlayersControllerTests.cs:line 29&#xD;
   at System.RuntimeType.CreateInstanceDefaultCtor(Boolean publicOnly, Boolean wrapExceptions)</StackTrace>
        </ErrorInfo>
      </Output>
    </UnitTestResult>
    <UnitTestResult executionId="c8e2acbf-1adc-4ef5-989d-6f59d0a0cc69" testId="cfafcdde-fa3e-3a02-c9a0-ebe07e7d6113" testName="LigaVoleibol.Tests.TeamsControllerTests.PostTeam_ReturnsCreatedWithId" computerName="MSI" duration="00:00:00.0010000" startTime="2026-05-31T22:55:38.7826379-05:00" endTime="2026-05-31T22:55:38.7826382-05:00" testType="13cdc9d9-ddb5-4fa4-a97d-d965ccfc6d4b" outcome="Failed" testListId="8c84fa94-04c1-424b-9868-57a2d4851a1d" relativeResultsDirectory="c8e2acbf-1adc-4ef5-989d-6f59d0a0cc69">
      <Output>
        <ErrorInfo>
          <Message>System.InvalidOperationException : Services for database providers 'Npgsql.EntityFrameworkCore.PostgreSQL', 'Microsoft.EntityFrameworkCore.InMemory' have been registered in the service provider. Only a single database provider can be registered in a service provider. If possible, ensure that Entity Framework is managing its service provider by removing the call to 'UseInternalServiceProvider'. Otherwise, consider conditionally registering the database provider, or maintaining one service provider per database provider.</Message>
          <StackTrace>   at Microsoft.EntityFrameworkCore.Internal.DbContextServices.Initialize(IServiceProvider scopedProvider, DbContextOptions contextOptions, DbContext context)&#xD;
   at Microsoft.EntityFrameworkCore.DbContext.get_ContextServices()&#xD;
   at Microsoft.EntityFrameworkCore.DbContext.get_InternalServiceProvider()&#xD;
   at Microsoft.EntityFrameworkCore.DbContext.Microsoft.EntityFrameworkCore.Infrastructure.IInfrastructure&lt;System.IServiceProvider&gt;.get_Instance()&#xD;
   at Microsoft.EntityFrameworkCore.Infrastructure.Internal.InfrastructureExtensions.GetService(IInfrastructure`1 accessor, Type serviceType)&#xD;
   at Microsoft.EntityFrameworkCore.Infrastructure.Internal.InfrastructureExtensions.GetService[TService](IInfrastructure`1 accessor)&#xD;
   at Microsoft.EntityFrameworkCore.Infrastructure.AccessorExtensions.GetService[TService](IInfrastructure`1 accessor)&#xD;
   at Microsoft.EntityFrameworkCore.Infrastructure.DatabaseFacade.get_ProviderName()&#xD;
   at Program.&lt;Main&gt;$(String[] args) in C:\Users\jhgar\liga-voleibol-bogota\LigaVoleibol.API\Program.cs:line 36&#xD;
   at InvokeStub_Program.&lt;Main&gt;$(Object, Span`1)&#xD;
   at System.Reflection.MethodBaseInvoker.InvokeWithOneArg(Object obj, BindingFlags invokeAttr, Binder binder, Object[] parameters, CultureInfo culture)&#xD;
--- End of stack trace from previous location ---&#xD;
   at Microsoft.AspNetCore.Mvc.Testing.DeferredHostBuilder.DeferredHost.StartAsync(CancellationToken cancellationToken)&#xD;
   at Microsoft.Extensions.Hosting.HostingAbstractionsHostExtensions.Start(IHost host)&#xD;
   at Microsoft.AspNetCore.Mvc.Testing.WebApplicationFactory`1.CreateHost(IHostBuilder builder)&#xD;
   at Microsoft.AspNetCore.Mvc.Testing.WebApplicationFactory`1.DelegatedWebApplicationFactory.CreateHost(IHostBuilder builder)&#xD;
   at Microsoft.AspNetCore.Mvc.Testing.WebApplicationFactory`1.ConfigureHostBuilder(IHostBuilder hostBuilder)&#xD;
   at Microsoft.AspNetCore.Mvc.Testing.WebApplicationFactory`1.EnsureServer()&#xD;
   at Microsoft.AspNetCore.Mvc.Testing.WebApplicationFactory`1.CreateDefaultClient(DelegatingHandler[] handlers)&#xD;
   at Microsoft.AspNetCore.Mvc.Testing.WebApplicationFactory`1.CreateDefaultClient(Uri baseAddress, DelegatingHandler[] handlers)&#xD;
   at Microsoft.AspNetCore.Mvc.Testing.WebApplicationFactory`1.CreateClient(WebApplicationFactoryClientOptions options)&#xD;
   at Microsoft.AspNetCore.Mvc.Testing.WebApplicationFactory`1.CreateClient()&#xD;
   at LigaVoleibol.Tests.TeamsControllerTests..ctor() in C:\Users\jhgar\liga-voleibol-bogota\LigaVoleibol.Tests\TeamsControllerTests.cs:line 29&#xD;
   at System.RuntimeType.CreateInstanceDefaultCtor(Boolean publicOnly, Boolean wrapExceptions)</StackTrace>
        </ErrorInfo>
      </Output>
    </UnitTestResult>
    <UnitTestResult executionId="33c7031a-8abf-432e-a5c6-18cad5fee459" testId="80591870-7618-0efb-eb8f-8552a3fbe4d4" testName="LigaVoleibol.Tests.PlayersControllerTests.PutPlayer_ReturnsOk_WhenExists" computerName="MSI" duration="00:00:00.0010000" startTime="2026-05-31T22:55:38.7733330-05:00" endTime="2026-05-31T22:55:38.7733338-05:00" testType="13cdc9d9-ddb5-4fa4-a97d-d965ccfc6d4b" outcome="Failed" testListId="8c84fa94-04c1-424b-9868-57a2d4851a1d" relativeResultsDirectory="33c7031a-8abf-432e-a5c6-18cad5fee459">
      <Output>
        <ErrorInfo>
          <Message>System.InvalidOperationException : Services for database providers 'Npgsql.EntityFrameworkCore.PostgreSQL', 'Microsoft.EntityFrameworkCore.InMemory' have been registered in the service provider. Only a single database provider can be registered in a service provider. If possible, ensure that Entity Framework is managing its service provider by removing the call to 'UseInternalServiceProvider'. Otherwise, consider conditionally registering the database provider, or maintaining one service provider per database provider.</Message>
          <StackTrace>   at Microsoft.EntityFrameworkCore.Internal.DbContextServices.Initialize(IServiceProvider scopedProvider, DbContextOptions contextOptions, DbContext context)&#xD;
   at Microsoft.EntityFrameworkCore.DbContext.get_ContextServices()&#xD;
   at Microsoft.EntityFrameworkCore.DbContext.get_InternalServiceProvider()&#xD;
   at Microsoft.EntityFrameworkCore.DbContext.Microsoft.EntityFrameworkCore.Infrastructure.IInfrastructure&lt;System.IServiceProvider&gt;.get_Instance()&#xD;
   at Microsoft.EntityFrameworkCore.Infrastructure.Internal.InfrastructureExtensions.GetService(IInfrastructure`1 accessor, Type serviceType)&#xD;
   at Microsoft.EntityFrameworkCore.Infrastructure.Internal.InfrastructureExtensions.GetService[TService](IInfrastructure`1 accessor)&#xD;
   at Microsoft.EntityFrameworkCore.Infrastructure.AccessorExtensions.GetService[TService](IInfrastructure`1 accessor)&#xD;
   at Microsoft.EntityFrameworkCore.Infrastructure.DatabaseFacade.get_ProviderName()&#xD;
   at Program.&lt;Main&gt;$(String[] args) in C:\Users\jhgar\liga-voleibol-bogota\LigaVoleibol.API\Program.cs:line 36&#xD;
   at InvokeStub_Program.&lt;Main&gt;$(Object, Span`1)&#xD;
   at System.Reflection.MethodBaseInvoker.InvokeWithOneArg(Object obj, BindingFlags invokeAttr, Binder binder, Object[] parameters, CultureInfo culture)&#xD;
--- End of stack trace from previous location ---&#xD;
   at Microsoft.AspNetCore.Mvc.Testing.DeferredHostBuilder.DeferredHost.StartAsync(CancellationToken cancellationToken)&#xD;
   at Microsoft.Extensions.Hosting.HostingAbstractionsHostExtensions.Start(IHost host)&#xD;
   at Microsoft.AspNetCore.Mvc.Testing.WebApplicationFactory`1.CreateHost(IHostBuilder builder)&#xD;
   at Microsoft.AspNetCore.Mvc.Testing.WebApplicationFactory`1.DelegatedWebApplicationFactory.CreateHost(IHostBuilder builder)&#xD;
   at Microsoft.AspNetCore.Mvc.Testing.WebApplicationFactory`1.ConfigureHostBuilder(IHostBuilder hostBuilder)&#xD;
   at Microsoft.AspNetCore.Mvc.Testing.WebApplicationFactory`1.EnsureServer()&#xD;
   at Microsoft.AspNetCore.Mvc.Testing.WebApplicationFactory`1.CreateDefaultClient(DelegatingHandler[] handlers)&#xD;
   at Microsoft.AspNetCore.Mvc.Testing.WebApplicationFactory`1.CreateDefaultClient(Uri baseAddress, DelegatingHandler[] handlers)&#xD;
   at Microsoft.AspNetCore.Mvc.Testing.WebApplicationFactory`1.CreateClient(WebApplicationFactoryClientOptions options)&#xD;
   at Microsoft.AspNetCore.Mvc.Testing.WebApplicationFactory`1.CreateClient()&#xD;
   at LigaVoleibol.Tests.PlayersControllerTests..ctor() in C:\Users\jhgar\liga-voleibol-bogota\LigaVoleibol.Tests\PlayersControllerTests.cs:line 29&#xD;
   at System.RuntimeType.CreateInstanceDefaultCtor(Boolean publicOnly, Boolean wrapExceptions)</StackTrace>
        </ErrorInfo>
      </Output>
    </UnitTestResult>
    <UnitTestResult executionId="11d79ee3-5964-43c2-a3d9-7b6f8af17faa" testId="20e5fec1-c470-19d8-ac1f-062c12d7158f" testName="LigaVoleibol.Tests.TeamsControllerTests.GetTeamById_ReturnsOk_WhenExists" computerName="MSI" duration="00:00:00.0010000" startTime="2026-05-31T22:55:38.7698263-05:00" endTime="2026-05-31T22:55:38.7698274-05:00" testType="13cdc9d9-ddb5-4fa4-a97d-d965ccfc6d4b" outcome="Failed" testListId="8c84fa94-04c1-424b-9868-57a2d4851a1d" relativeResultsDirectory="11d79ee3-5964-43c2-a3d9-7b6f8af17faa">
      <Output>
        <ErrorInfo>
          <Message>System.InvalidOperationException : Services for database providers 'Npgsql.EntityFrameworkCore.PostgreSQL', 'Microsoft.EntityFrameworkCore.InMemory' have been registered in the service provider. Only a single database provider can be registered in a service provider. If possible, ensure that Entity Framework is managing its service provider by removing the call to 'UseInternalServiceProvider'. Otherwise, consider conditionally registering the database provider, or maintaining one service provider per database provider.</Message>
          <StackTrace>   at Microsoft.EntityFrameworkCore.Internal.DbContextServices.Initialize(IServiceProvider scopedProvider, DbContextOptions contextOptions, DbContext context)&#xD;
   at Microsoft.EntityFrameworkCore.DbContext.get_ContextServices()&#xD;
   at Microsoft.EntityFrameworkCore.DbContext.get_InternalServiceProvider()&#xD;
   at Microsoft.EntityFrameworkCore.DbContext.Microsoft.EntityFrameworkCore.Infrastructure.IInfrastructure&lt;System.IServiceProvider&gt;.get_Instance()&#xD;
   at Microsoft.EntityFrameworkCore.Infrastructure.Internal.InfrastructureExtensions.GetService(IInfrastructure`1 accessor, Type serviceType)&#xD;
   at Microsoft.EntityFrameworkCore.Infrastructure.Internal.InfrastructureExtensions.GetService[TService](IInfrastructure`1 accessor)&#xD;
   at Microsoft.EntityFrameworkCore.Infrastructure.AccessorExtensions.GetService[TService](IInfrastructure`1 accessor)&#xD;
   at Microsoft.EntityFrameworkCore.Infrastructure.DatabaseFacade.get_ProviderName()&#xD;
   at Program.&lt;Main&gt;$(String[] args) in C:\Users\jhgar\liga-voleibol-bogota\LigaVoleibol.API\Program.cs:line 36&#xD;
   at InvokeStub_Program.&lt;Main&gt;$(Object, Span`1)&#xD;
   at System.Reflection.MethodBaseInvoker.InvokeWithOneArg(Object obj, BindingFlags invokeAttr, Binder binder, Object[] parameters, CultureInfo culture)&#xD;
--- End of stack trace from previous location ---&#xD;
   at Microsoft.AspNetCore.Mvc.Testing.DeferredHostBuilder.DeferredHost.StartAsync(CancellationToken cancellationToken)&#xD;
   at Microsoft.Extensions.Hosting.HostingAbstractionsHostExtensions.Start(IHost host)&#xD;
   at Microsoft.AspNetCore.Mvc.Testing.WebApplicationFactory`1.CreateHost(IHostBuilder builder)&#xD;
   at Microsoft.AspNetCore.Mvc.Testing.WebApplicationFactory`1.DelegatedWebApplicationFactory.CreateHost(IHostBuilder builder)&#xD;
   at Microsoft.AspNetCore.Mvc.Testing.WebApplicationFactory`1.ConfigureHostBuilder(IHostBuilder hostBuilder)&#xD;
   at Microsoft.AspNetCore.Mvc.Testing.WebApplicationFactory`1.EnsureServer()&#xD;
   at Microsoft.AspNetCore.Mvc.Testing.WebApplicationFactory`1.CreateDefaultClient(DelegatingHandler[] handlers)&#xD;
   at Microsoft.AspNetCore.Mvc.Testing.WebApplicationFactory`1.CreateDefaultClient(Uri baseAddress, DelegatingHandler[] handlers)&#xD;
   at Microsoft.AspNetCore.Mvc.Testing.WebApplicationFactory`1.CreateClient(WebApplicationFactoryClientOptions options)&#xD;
   at Microsoft.AspNetCore.Mvc.Testing.WebApplicationFactory`1.CreateClient()&#xD;
   at LigaVoleibol.Tests.TeamsControllerTests..ctor() in C:\Users\jhgar\liga-voleibol-bogota\LigaVoleibol.Tests\TeamsControllerTests.cs:line 29&#xD;
   at System.RuntimeType.CreateInstanceDefaultCtor(Boolean publicOnly, Boolean wrapExceptions)</StackTrace>
        </ErrorInfo>
      </Output>
    </UnitTestResult>
    <UnitTestResult executionId="8d4f7e15-33e3-48bb-b9dc-940278e29ccf" testId="2c6f46fb-3d50-be8c-2967-885a7c0ea29d" testName="LigaVoleibol.Tests.PlayersControllerTests.PutPlayer_ReturnsNotFound_WhenMissing" computerName="MSI" duration="00:00:00.0010000" startTime="2026-05-31T22:55:38.7380035-05:00" endTime="2026-05-31T22:55:38.7380038-05:00" testType="13cdc9d9-ddb5-4fa4-a97d-d965ccfc6d4b" outcome="Failed" testListId="8c84fa94-04c1-424b-9868-57a2d4851a1d" relativeResultsDirectory="8d4f7e15-33e3-48bb-b9dc-940278e29ccf">
      <Output>
        <ErrorInfo>
          <Message>System.InvalidOperationException : Services for database providers 'Npgsql.EntityFrameworkCore.PostgreSQL', 'Microsoft.EntityFrameworkCore.InMemory' have been registered in the service provider. Only a single database provider can be registered in a service provider. If possible, ensure that Entity Framework is managing its service provider by removing the call to 'UseInternalServiceProvider'. Otherwise, consider conditionally registering the database provider, or maintaining one service provider per database provider.</Message>
          <StackTrace>   at Microsoft.EntityFrameworkCore.Internal.DbContextServices.Initialize(IServiceProvider scopedProvider, DbContextOptions contextOptions, DbContext context)&#xD;
   at Microsoft.EntityFrameworkCore.DbContext.get_ContextServices()&#xD;
   at Microsoft.EntityFrameworkCore.DbContext.get_InternalServiceProvider()&#xD;
   at Microsoft.EntityFrameworkCore.DbContext.Microsoft.EntityFrameworkCore.Infrastructure.IInfrastructure&lt;System.IServiceProvider&gt;.get_Instance()&#xD;
   at Microsoft.EntityFrameworkCore.Infrastructure.Internal.InfrastructureExtensions.GetService(IInfrastructure`1 accessor, Type serviceType)&#xD;
   at Microsoft.EntityFrameworkCore.Infrastructure.Internal.InfrastructureExtensions.GetService[TService](IInfrastructure`1 accessor)&#xD;
   at Microsoft.EntityFrameworkCore.Infrastructure.AccessorExtensions.GetService[TService](IInfrastructure`1 accessor)&#xD;
   at Microsoft.EntityFrameworkCore.Infrastructure.DatabaseFacade.get_ProviderName()&#xD;
   at Program.&lt;Main&gt;$(String[] args) in C:\Users\jhgar\liga-voleibol-bogota\LigaVoleibol.API\Program.cs:line 36&#xD;
   at InvokeStub_Program.&lt;Main&gt;$(Object, Span`1)&#xD;
   at System.Reflection.MethodBaseInvoker.InvokeWithOneArg(Object obj, BindingFlags invokeAttr, Binder binder, Object[] parameters, CultureInfo culture)&#xD;
--- End of stack trace from previous location ---&#xD;
   at Microsoft.AspNetCore.Mvc.Testing.DeferredHostBuilder.DeferredHost.StartAsync(CancellationToken cancellationToken)&#xD;
   at Microsoft.Extensions.Hosting.HostingAbstractionsHostExtensions.Start(IHost host)&#xD;
   at Microsoft.AspNetCore.Mvc.Testing.WebApplicationFactory`1.CreateHost(IHostBuilder builder)&#xD;
   at Microsoft.AspNetCore.Mvc.Testing.WebApplicationFactory`1.DelegatedWebApplicationFactory.CreateHost(IHostBuilder builder)&#xD;
   at Microsoft.AspNetCore.Mvc.Testing.WebApplicationFactory`1.ConfigureHostBuilder(IHostBuilder hostBuilder)&#xD;
   at Microsoft.AspNetCore.Mvc.Testing.WebApplicationFactory`1.EnsureServer()&#xD;
   at Microsoft.AspNetCore.Mvc.Testing.WebApplicationFactory`1.CreateDefaultClient(DelegatingHandler[] handlers)&#xD;
   at Microsoft.AspNetCore.Mvc.Testing.WebApplicationFactory`1.CreateDefaultClient(Uri baseAddress, DelegatingHandler[] handlers)&#xD;
   at Microsoft.AspNetCore.Mvc.Testing.WebApplicationFactory`1.CreateClient(WebApplicationFactoryClientOptions options)&#xD;
   at Microsoft.AspNetCore.Mvc.Testing.WebApplicationFactory`1.CreateClient()&#xD;
   at LigaVoleibol.Tests.PlayersControllerTests..ctor() in C:\Users\jhgar\liga-voleibol-bogota\LigaVoleibol.Tests\PlayersControllerTests.cs:line 29&#xD;
   at System.RuntimeType.CreateInstanceDefaultCtor(Boolean publicOnly, Boolean wrapExceptions)</StackTrace>
        </ErrorInfo>
      </Output>
    </UnitTestResult>
    <UnitTestResult executionId="441183d4-5583-4e97-8d6f-715489089357" testId="04b9301c-b32a-af6c-8aa5-4d807d2555b9" testName="LigaVoleibol.Tests.PlayersControllerTests.GetPlayers_WithoutFilter_ReturnsAll" computerName="MSI" duration="00:00:00.0010000" startTime="2026-05-31T22:55:38.6546371-05:00" endTime="2026-05-31T22:55:38.6546373-05:00" testType="13cdc9d9-ddb5-4fa4-a97d-d965ccfc6d4b" outcome="Failed" testListId="8c84fa94-04c1-424b-9868-57a2d4851a1d" relativeResultsDirectory="441183d4-5583-4e97-8d6f-715489089357">
      <Output>
        <ErrorInfo>
          <Message>System.InvalidOperationException : Services for database providers 'Npgsql.EntityFrameworkCore.PostgreSQL', 'Microsoft.EntityFrameworkCore.InMemory' have been registered in the service provider. Only a single database provider can be registered in a service provider. If possible, ensure that Entity Framework is managing its service provider by removing the call to 'UseInternalServiceProvider'. Otherwise, consider conditionally registering the database provider, or maintaining one service provider per database provider.</Message>
          <StackTrace>   at Microsoft.EntityFrameworkCore.Internal.DbContextServices.Initialize(IServiceProvider scopedProvider, DbContextOptions contextOptions, DbContext context)&#xD;
   at Microsoft.EntityFrameworkCore.DbContext.get_ContextServices()&#xD;
   at Microsoft.EntityFrameworkCore.DbContext.get_InternalServiceProvider()&#xD;
   at Microsoft.EntityFrameworkCore.DbContext.Microsoft.EntityFrameworkCore.Infrastructure.IInfrastructure&lt;System.IServiceProvider&gt;.get_Instance()&#xD;
   at Microsoft.EntityFrameworkCore.Infrastructure.Internal.InfrastructureExtensions.GetService(IInfrastructure`1 accessor, Type serviceType)&#xD;
   at Microsoft.EntityFrameworkCore.Infrastructure.Internal.InfrastructureExtensions.GetService[TService](IInfrastructure`1 accessor)&#xD;
   at Microsoft.EntityFrameworkCore.Infrastructure.AccessorExtensions.GetService[TService](IInfrastructure`1 accessor)&#xD;
   at Microsoft.EntityFrameworkCore.Infrastructure.DatabaseFacade.get_ProviderName()&#xD;
   at Program.&lt;Main&gt;$(String[] args) in C:\Users\jhgar\liga-voleibol-bogota\LigaVoleibol.API\Program.cs:line 36&#xD;
   at InvokeStub_Program.&lt;Main&gt;$(Object, Span`1)&#xD;
   at System.Reflection.MethodBaseInvoker.InvokeWithOneArg(Object obj, BindingFlags invokeAttr, Binder binder, Object[] parameters, CultureInfo culture)&#xD;
--- End of stack trace from previous location ---&#xD;
   at Microsoft.AspNetCore.Mvc.Testing.DeferredHostBuilder.DeferredHost.StartAsync(CancellationToken cancellationToken)&#xD;
   at Microsoft.Extensions.Hosting.HostingAbstractionsHostExtensions.Start(IHost host)&#xD;
   at Microsoft.AspNetCore.Mvc.Testing.WebApplicationFactory`1.CreateHost(IHostBuilder builder)&#xD;
   at Microsoft.AspNetCore.Mvc.Testing.WebApplicationFactory`1.DelegatedWebApplicationFactory.CreateHost(IHostBuilder builder)&#xD;
   at Microsoft.AspNetCore.Mvc.Testing.WebApplicationFactory`1.ConfigureHostBuilder(IHostBuilder hostBuilder)&#xD;
   at Microsoft.AspNetCore.Mvc.Testing.WebApplicationFactory`1.EnsureServer()&#xD;
   at Microsoft.AspNetCore.Mvc.Testing.WebApplicationFactory`1.CreateDefaultClient(DelegatingHandler[] handlers)&#xD;
   at Microsoft.AspNetCore.Mvc.Testing.WebApplicationFactory`1.CreateDefaultClient(Uri baseAddress, DelegatingHandler[] handlers)&#xD;
   at Microsoft.AspNetCore.Mvc.Testing.WebApplicationFactory`1.CreateClient(WebApplicationFactoryClientOptions options)&#xD;
   at Microsoft.AspNetCore.Mvc.Testing.WebApplicationFactory`1.CreateClient()&#xD;
   at LigaVoleibol.Tests.PlayersControllerTests..ctor() in C:\Users\jhgar\liga-voleibol-bogota\LigaVoleibol.Tests\PlayersControllerTests.cs:line 29&#xD;
   at System.RuntimeType.CreateInstanceDefaultCtor(Boolean publicOnly, Boolean wrapExceptions)</StackTrace>
        </ErrorInfo>
      </Output>
    </UnitTestResult>
    <UnitTestResult executionId="bf8f8cae-2ab3-41ae-9fba-0d5b58003f09" testId="7d03039b-5e3e-83c9-752b-a0d59292e9d2" testName="LigaVoleibol.Tests.PlayersControllerTests.DeletePlayer_ReturnsNotFound_WhenMissing" computerName="MSI" duration="00:00:00.0010000" startTime="2026-05-31T22:55:38.6288186-05:00" endTime="2026-05-31T22:55:38.6288190-05:00" testType="13cdc9d9-ddb5-4fa4-a97d-d965ccfc6d4b" outcome="Failed" testListId="8c84fa94-04c1-424b-9868-57a2d4851a1d" relativeResultsDirectory="bf8f8cae-2ab3-41ae-9fba-0d5b58003f09">
      <Output>
        <ErrorInfo>
          <Message>System.InvalidOperationException : Services for database providers 'Npgsql.EntityFrameworkCore.PostgreSQL', 'Microsoft.EntityFrameworkCore.InMemory' have been registered in the service provider. Only a single database provider can be registered in a service provider. If possible, ensure that Entity Framework is managing its service provider by removing the call to 'UseInternalServiceProvider'. Otherwise, consider conditionally registering the database provider, or maintaining one service provider per database provider.</Message>
          <StackTrace>   at Microsoft.EntityFrameworkCore.Internal.DbContextServices.Initialize(IServiceProvider scopedProvider, DbContextOptions contextOptions, DbContext context)&#xD;
   at Microsoft.EntityFrameworkCore.DbContext.get_ContextServices()&#xD;
   at Microsoft.EntityFrameworkCore.DbContext.get_InternalServiceProvider()&#xD;
   at Microsoft.EntityFrameworkCore.DbContext.Microsoft.EntityFrameworkCore.Infrastructure.IInfrastructure&lt;System.IServiceProvider&gt;.get_Instance()&#xD;
   at Microsoft.EntityFrameworkCore.Infrastructure.Internal.InfrastructureExtensions.GetService(IInfrastructure`1 accessor, Type serviceType)&#xD;
   at Microsoft.EntityFrameworkCore.Infrastructure.Internal.InfrastructureExtensions.GetService[TService](IInfrastructure`1 accessor)&#xD;
   at Microsoft.EntityFrameworkCore.Infrastructure.AccessorExtensions.GetService[TService](IInfrastructure`1 accessor)&#xD;
   at Microsoft.EntityFrameworkCore.Infrastructure.DatabaseFacade.get_ProviderName()&#xD;
   at Program.&lt;Main&gt;$(String[] args) in C:\Users\jhgar\liga-voleibol-bogota\LigaVoleibol.API\Program.cs:line 36&#xD;
   at InvokeStub_Program.&lt;Main&gt;$(Object, Span`1)&#xD;
   at System.Reflection.MethodBaseInvoker.InvokeWithOneArg(Object obj, BindingFlags invokeAttr, Binder binder, Object[] parameters, CultureInfo culture)&#xD;
--- End of stack trace from previous location ---&#xD;
   at Microsoft.AspNetCore.Mvc.Testing.DeferredHostBuilder.DeferredHost.StartAsync(CancellationToken cancellationToken)&#xD;
   at Microsoft.Extensions.Hosting.HostingAbstractionsHostExtensions.Start(IHost host)&#xD;
   at Microsoft.AspNetCore.Mvc.Testing.WebApplicationFactory`1.CreateHost(IHostBuilder builder)&#xD;
   at Microsoft.AspNetCore.Mvc.Testing.WebApplicationFactory`1.DelegatedWebApplicationFactory.CreateHost(IHostBuilder builder)&#xD;
   at Microsoft.AspNetCore.Mvc.Testing.WebApplicationFactory`1.ConfigureHostBuilder(IHostBuilder hostBuilder)&#xD;
   at Microsoft.AspNetCore.Mvc.Testing.WebApplicationFactory`1.EnsureServer()&#xD;
   at Microsoft.AspNetCore.Mvc.Testing.WebApplicationFactory`1.CreateDefaultClient(DelegatingHandler[] handlers)&#xD;
   at Microsoft.AspNetCore.Mvc.Testing.WebApplicationFactory`1.CreateDefaultClient(Uri baseAddress, DelegatingHandler[] handlers)&#xD;
   at Microsoft.AspNetCore.Mvc.Testing.WebApplicationFactory`1.CreateClient(WebApplicationFactoryClientOptions options)&#xD;
   at Microsoft.AspNetCore.Mvc.Testing.WebApplicationFactory`1.CreateClient()&#xD;
   at LigaVoleibol.Tests.PlayersControllerTests..ctor() in C:\Users\jhgar\liga-voleibol-bogota\LigaVoleibol.Tests\PlayersControllerTests.cs:line 29&#xD;
   at System.RuntimeType.CreateInstanceDefaultCtor(Boolean publicOnly, Boolean wrapExceptions)</StackTrace>
        </ErrorInfo>
      </Output>
    </UnitTestResult>
    <UnitTestResult executionId="c16c9d4b-8010-42bd-8d8c-c19bfdcfff8f" testId="d63e3dfc-15ed-208b-ea62-3c62c8ff20c0" testName="LigaVoleibol.Tests.TeamsControllerTests.DeleteTeam_ReturnsNoContent_WhenExists" computerName="MSI" duration="00:00:00.0010000" startTime="2026-05-31T22:55:38.7042454-05:00" endTime="2026-05-31T22:55:38.7042457-05:00" testType="13cdc9d9-ddb5-4fa4-a97d-d965ccfc6d4b" outcome="Failed" testListId="8c84fa94-04c1-424b-9868-57a2d4851a1d" relativeResultsDirectory="c16c9d4b-8010-42bd-8d8c-c19bfdcfff8f">
      <Output>
        <ErrorInfo>
          <Message>System.InvalidOperationException : Services for database providers 'Npgsql.EntityFrameworkCore.PostgreSQL', 'Microsoft.EntityFrameworkCore.InMemory' have been registered in the service provider. Only a single database provider can be registered in a service provider. If possible, ensure that Entity Framework is managing its service provider by removing the call to 'UseInternalServiceProvider'. Otherwise, consider conditionally registering the database provider, or maintaining one service provider per database provider.</Message>
          <StackTrace>   at Microsoft.EntityFrameworkCore.Internal.DbContextServices.Initialize(IServiceProvider scopedProvider, DbContextOptions contextOptions, DbContext context)&#xD;
   at Microsoft.EntityFrameworkCore.DbContext.get_ContextServices()&#xD;
   at Microsoft.EntityFrameworkCore.DbContext.get_InternalServiceProvider()&#xD;
   at Microsoft.EntityFrameworkCore.DbContext.Microsoft.EntityFrameworkCore.Infrastructure.IInfrastructure&lt;System.IServiceProvider&gt;.get_Instance()&#xD;
   at Microsoft.EntityFrameworkCore.Infrastructure.Internal.InfrastructureExtensions.GetService(IInfrastructure`1 accessor, Type serviceType)&#xD;
   at Microsoft.EntityFrameworkCore.Infrastructure.Internal.InfrastructureExtensions.GetService[TService](IInfrastructure`1 accessor)&#xD;
   at Microsoft.EntityFrameworkCore.Infrastructure.AccessorExtensions.GetService[TService](IInfrastructure`1 accessor)&#xD;
   at Microsoft.EntityFrameworkCore.Infrastructure.DatabaseFacade.get_ProviderName()&#xD;
   at Program.&lt;Main&gt;$(String[] args) in C:\Users\jhgar\liga-voleibol-bogota\LigaVoleibol.API\Program.cs:line 36&#xD;
   at InvokeStub_Program.&lt;Main&gt;$(Object, Span`1)&#xD;
   at System.Reflection.MethodBaseInvoker.InvokeWithOneArg(Object obj, BindingFlags invokeAttr, Binder binder, Object[] parameters, CultureInfo culture)&#xD;
--- End of stack trace from previous location ---&#xD;
   at Microsoft.AspNetCore.Mvc.Testing.DeferredHostBuilder.DeferredHost.StartAsync(CancellationToken cancellationToken)&#xD;
   at Microsoft.Extensions.Hosting.HostingAbstractionsHostExtensions.Start(IHost host)&#xD;
   at Microsoft.AspNetCore.Mvc.Testing.WebApplicationFactory`1.CreateHost(IHostBuilder builder)&#xD;
   at Microsoft.AspNetCore.Mvc.Testing.WebApplicationFactory`1.DelegatedWebApplicationFactory.CreateHost(IHostBuilder builder)&#xD;
   at Microsoft.AspNetCore.Mvc.Testing.WebApplicationFactory`1.ConfigureHostBuilder(IHostBuilder hostBuilder)&#xD;
   at Microsoft.AspNetCore.Mvc.Testing.WebApplicationFactory`1.EnsureServer()&#xD;
   at Microsoft.AspNetCore.Mvc.Testing.WebApplicationFactory`1.CreateDefaultClient(DelegatingHandler[] handlers)&#xD;
   at Microsoft.AspNetCore.Mvc.Testing.WebApplicationFactory`1.CreateDefaultClient(Uri baseAddress, DelegatingHandler[] handlers)&#xD;
   at Microsoft.AspNetCore.Mvc.Testing.WebApplicationFactory`1.CreateClient(WebApplicationFactoryClientOptions options)&#xD;
   at Microsoft.AspNetCore.Mvc.Testing.WebApplicationFactory`1.CreateClient()&#xD;
   at LigaVoleibol.Tests.TeamsControllerTests..ctor() in C:\Users\jhgar\liga-voleibol-bogota\LigaVoleibol.Tests\TeamsControllerTests.cs:line 29&#xD;
   at System.RuntimeType.CreateInstanceDefaultCtor(Boolean publicOnly, Boolean wrapExceptions)</StackTrace>
        </ErrorInfo>
      </Output>
    </UnitTestResult>
    <UnitTestResult executionId="9098b476-6261-49df-8f22-a5eda4dcabf5" testId="a0ed08ea-6ff9-5bbf-6bdf-a81ada944bea" testName="LigaVoleibol.Tests.PlayersControllerTests.DeletePlayer_ReturnsNoContent_WhenExists" computerName="MSI" duration="00:00:00.0010000" startTime="2026-05-31T22:55:38.6697559-05:00" endTime="2026-05-31T22:55:38.6697561-05:00" testType="13cdc9d9-ddb5-4fa4-a97d-d965ccfc6d4b" outcome="Failed" testListId="8c84fa94-04c1-424b-9868-57a2d4851a1d" relativeResultsDirectory="9098b476-6261-49df-8f22-a5eda4dcabf5">
      <Output>
        <ErrorInfo>
          <Message>System.InvalidOperationException : Services for database providers 'Npgsql.EntityFrameworkCore.PostgreSQL', 'Microsoft.EntityFrameworkCore.InMemory' have been registered in the service provider. Only a single database provider can be registered in a service provider. If possible, ensure that Entity Framework is managing its service provider by removing the call to 'UseInternalServiceProvider'. Otherwise, consider conditionally registering the database provider, or maintaining one service provider per database provider.</Message>
          <StackTrace>   at Microsoft.EntityFrameworkCore.Internal.DbContextServices.Initialize(IServiceProvider scopedProvider, DbContextOptions contextOptions, DbContext context)&#xD;
   at Microsoft.EntityFrameworkCore.DbContext.get_ContextServices()&#xD;
   at Microsoft.EntityFrameworkCore.DbContext.get_InternalServiceProvider()&#xD;
   at Microsoft.EntityFrameworkCore.DbContext.Microsoft.EntityFrameworkCore.Infrastructure.IInfrastructure&lt;System.IServiceProvider&gt;.get_Instance()&#xD;
   at Microsoft.EntityFrameworkCore.Infrastructure.Internal.InfrastructureExtensions.GetService(IInfrastructure`1 accessor, Type serviceType)&#xD;
   at Microsoft.EntityFrameworkCore.Infrastructure.Internal.InfrastructureExtensions.GetService[TService](IInfrastructure`1 accessor)&#xD;
   at Microsoft.EntityFrameworkCore.Infrastructure.AccessorExtensions.GetService[TService](IInfrastructure`1 accessor)&#xD;
   at Microsoft.EntityFrameworkCore.Infrastructure.DatabaseFacade.get_ProviderName()&#xD;
   at Program.&lt;Main&gt;$(String[] args) in C:\Users\jhgar\liga-voleibol-bogota\LigaVoleibol.API\Program.cs:line 36&#xD;
   at InvokeStub_Program.&lt;Main&gt;$(Object, Span`1)&#xD;
   at System.Reflection.MethodBaseInvoker.InvokeWithOneArg(Object obj, BindingFlags invokeAttr, Binder binder, Object[] parameters, CultureInfo culture)&#xD;
--- End of stack trace from previous location ---&#xD;
   at Microsoft.AspNetCore.Mvc.Testing.DeferredHostBuilder.DeferredHost.StartAsync(CancellationToken cancellationToken)&#xD;
   at Microsoft.Extensions.Hosting.HostingAbstractionsHostExtensions.Start(IHost host)&#xD;
   at Microsoft.AspNetCore.Mvc.Testing.WebApplicationFactory`1.CreateHost(IHostBuilder builder)&#xD;
   at Microsoft.AspNetCore.Mvc.Testing.WebApplicationFactory`1.DelegatedWebApplicationFactory.CreateHost(IHostBuilder builder)&#xD;
   at Microsoft.AspNetCore.Mvc.Testing.WebApplicationFactory`1.ConfigureHostBuilder(IHostBuilder hostBuilder)&#xD;
   at Microsoft.AspNetCore.Mvc.Testing.WebApplicationFactory`1.EnsureServer()&#xD;
   at Microsoft.AspNetCore.Mvc.Testing.WebApplicationFactory`1.CreateDefaultClient(DelegatingHandler[] handlers)&#xD;
   at Microsoft.AspNetCore.Mvc.Testing.WebApplicationFactory`1.CreateDefaultClient(Uri baseAddress, DelegatingHandler[] handlers)&#xD;
   at Microsoft.AspNetCore.Mvc.Testing.WebApplicationFactory`1.CreateClient(WebApplicationFactoryClientOptions options)&#xD;
   at Microsoft.AspNetCore.Mvc.Testing.WebApplicationFactory`1.CreateClient()&#xD;
   at LigaVoleibol.Tests.PlayersControllerTests..ctor() in C:\Users\jhgar\liga-voleibol-bogota\LigaVoleibol.Tests\PlayersControllerTests.cs:line 29&#xD;
   at System.RuntimeType.CreateInstanceDefaultCtor(Boolean publicOnly, Boolean wrapExceptions)</StackTrace>
        </ErrorInfo>
      </Output>
    </UnitTestResult>
    <UnitTestResult executionId="57d0c063-106b-49fd-bc77-4004174627a9" testId="b0c3ca4c-b523-87e3-1d62-8788f19c3d45" testName="LigaVoleibol.Tests.TeamsControllerTests.PutTeam_ReturnsOk_WhenExists" computerName="MSI" duration="00:00:00.0010000" startTime="2026-05-31T22:55:38.6540328-05:00" endTime="2026-05-31T22:55:38.6540332-05:00" testType="13cdc9d9-ddb5-4fa4-a97d-d965ccfc6d4b" outcome="Failed" testListId="8c84fa94-04c1-424b-9868-57a2d4851a1d" relativeResultsDirectory="57d0c063-106b-49fd-bc77-4004174627a9">
      <Output>
        <ErrorInfo>
          <Message>System.InvalidOperationException : Services for database providers 'Npgsql.EntityFrameworkCore.PostgreSQL', 'Microsoft.EntityFrameworkCore.InMemory' have been registered in the service provider. Only a single database provider can be registered in a service provider. If possible, ensure that Entity Framework is managing its service provider by removing the call to 'UseInternalServiceProvider'. Otherwise, consider conditionally registering the database provider, or maintaining one service provider per database provider.</Message>
          <StackTrace>   at Microsoft.EntityFrameworkCore.Internal.DbContextServices.Initialize(IServiceProvider scopedProvider, DbContextOptions contextOptions, DbContext context)&#xD;
   at Microsoft.EntityFrameworkCore.DbContext.get_ContextServices()&#xD;
   at Microsoft.EntityFrameworkCore.DbContext.get_InternalServiceProvider()&#xD;
   at Microsoft.EntityFrameworkCore.DbContext.Microsoft.EntityFrameworkCore.Infrastructure.IInfrastructure&lt;System.IServiceProvider&gt;.get_Instance()&#xD;
   at Microsoft.EntityFrameworkCore.Infrastructure.Internal.InfrastructureExtensions.GetService(IInfrastructure`1 accessor, Type serviceType)&#xD;
   at Microsoft.EntityFrameworkCore.Infrastructure.Internal.InfrastructureExtensions.GetService[TService](IInfrastructure`1 accessor)&#xD;
   at Microsoft.EntityFrameworkCore.Infrastructure.AccessorExtensions.GetService[TService](IInfrastructure`1 accessor)&#xD;
   at Microsoft.EntityFrameworkCore.Infrastructure.DatabaseFacade.get_ProviderName()&#xD;
   at Program.&lt;Main&gt;$(String[] args) in C:\Users\jhgar\liga-voleibol-bogota\LigaVoleibol.API\Program.cs:line 36&#xD;
   at InvokeStub_Program.&lt;Main&gt;$(Object, Span`1)&#xD;
   at System.Reflection.MethodBaseInvoker.InvokeWithOneArg(Object obj, BindingFlags invokeAttr, Binder binder, Object[] parameters, CultureInfo culture)&#xD;
--- End of stack trace from previous location ---&#xD;
   at Microsoft.AspNetCore.Mvc.Testing.DeferredHostBuilder.DeferredHost.StartAsync(CancellationToken cancellationToken)&#xD;
   at Microsoft.Extensions.Hosting.HostingAbstractionsHostExtensions.Start(IHost host)&#xD;
   at Microsoft.AspNetCore.Mvc.Testing.WebApplicationFactory`1.CreateHost(IHostBuilder builder)&#xD;
   at Microsoft.AspNetCore.Mvc.Testing.WebApplicationFactory`1.DelegatedWebApplicationFactory.CreateHost(IHostBuilder builder)&#xD;
   at Microsoft.AspNetCore.Mvc.Testing.WebApplicationFactory`1.ConfigureHostBuilder(IHostBuilder hostBuilder)&#xD;
   at Microsoft.AspNetCore.Mvc.Testing.WebApplicationFactory`1.EnsureServer()&#xD;
   at Microsoft.AspNetCore.Mvc.Testing.WebApplicationFactory`1.CreateDefaultClient(DelegatingHandler[] handlers)&#xD;
   at Microsoft.AspNetCore.Mvc.Testing.WebApplicationFactory`1.CreateDefaultClient(Uri baseAddress, DelegatingHandler[] handlers)&#xD;
   at Microsoft.AspNetCore.Mvc.Testing.WebApplicationFactory`1.CreateClient(WebApplicationFactoryClientOptions options)&#xD;
   at Microsoft.AspNetCore.Mvc.Testing.WebApplicationFactory`1.CreateClient()&#xD;
   at LigaVoleibol.Tests.TeamsControllerTests..ctor() in C:\Users\jhgar\liga-voleibol-bogota\LigaVoleibol.Tests\TeamsControllerTests.cs:line 29&#xD;
   at System.RuntimeType.CreateInstanceDefaultCtor(Boolean publicOnly, Boolean wrapExceptions)</StackTrace>
        </ErrorInfo>
      </Output>
    </UnitTestResult>
    <UnitTestResult executionId="4fa12715-fb07-4617-8c0b-6479b1d33eb4" testId="ac98bd27-0eeb-cbc0-bd09-aebb6e19bc08" testName="LigaVoleibol.Tests.TeamsControllerTests.GetTeams_ReturnsOkWithList" computerName="MSI" duration="00:00:00.0010000" startTime="2026-05-31T22:55:38.6913073-05:00" endTime="2026-05-31T22:55:38.6913076-05:00" testType="13cdc9d9-ddb5-4fa4-a97d-d965ccfc6d4b" outcome="Failed" testListId="8c84fa94-04c1-424b-9868-57a2d4851a1d" relativeResultsDirectory="4fa12715-fb07-4617-8c0b-6479b1d33eb4">
      <Output>
        <ErrorInfo>
          <Message>System.InvalidOperationException : Services for database providers 'Npgsql.EntityFrameworkCore.PostgreSQL', 'Microsoft.EntityFrameworkCore.InMemory' have been registered in the service provider. Only a single database provider can be registered in a service provider. If possible, ensure that Entity Framework is managing its service provider by removing the call to 'UseInternalServiceProvider'. Otherwise, consider conditionally registering the database provider, or maintaining one service provider per database provider.</Message>
          <StackTrace>   at Microsoft.EntityFrameworkCore.Internal.DbContextServices.Initialize(IServiceProvider scopedProvider, DbContextOptions contextOptions, DbContext context)&#xD;
   at Microsoft.EntityFrameworkCore.DbContext.get_ContextServices()&#xD;
   at Microsoft.EntityFrameworkCore.DbContext.get_InternalServiceProvider()&#xD;
   at Microsoft.EntityFrameworkCore.DbContext.Microsoft.EntityFrameworkCore.Infrastructure.IInfrastructure&lt;System.IServiceProvider&gt;.get_Instance()&#xD;
   at Microsoft.EntityFrameworkCore.Infrastructure.Internal.InfrastructureExtensions.GetService(IInfrastructure`1 accessor, Type serviceType)&#xD;
   at Microsoft.EntityFrameworkCore.Infrastructure.Internal.InfrastructureExtensions.GetService[TService](IInfrastructure`1 accessor)&#xD;
   at Microsoft.EntityFrameworkCore.Infrastructure.AccessorExtensions.GetService[TService](IInfrastructure`1 accessor)&#xD;
   at Microsoft.EntityFrameworkCore.Infrastructure.DatabaseFacade.get_ProviderName()&#xD;
   at Program.&lt;Main&gt;$(String[] args) in C:\Users\jhgar\liga-voleibol-bogota\LigaVoleibol.API\Program.cs:line 36&#xD;
   at InvokeStub_Program.&lt;Main&gt;$(Object, Span`1)&#xD;
   at System.Reflection.MethodBaseInvoker.InvokeWithOneArg(Object obj, BindingFlags invokeAttr, Binder binder, Object[] parameters, CultureInfo culture)&#xD;
--- End of stack trace from previous location ---&#xD;
   at Microsoft.AspNetCore.Mvc.Testing.DeferredHostBuilder.DeferredHost.StartAsync(CancellationToken cancellationToken)&#xD;
   at Microsoft.Extensions.Hosting.HostingAbstractionsHostExtensions.Start(IHost host)&#xD;
   at Microsoft.AspNetCore.Mvc.Testing.WebApplicationFactory`1.CreateHost(IHostBuilder builder)&#xD;
   at Microsoft.AspNetCore.Mvc.Testing.WebApplicationFactory`1.DelegatedWebApplicationFactory.CreateHost(IHostBuilder builder)&#xD;
   at Microsoft.AspNetCore.Mvc.Testing.WebApplicationFactory`1.ConfigureHostBuilder(IHostBuilder hostBuilder)&#xD;
   at Microsoft.AspNetCore.Mvc.Testing.WebApplicationFactory`1.EnsureServer()&#xD;
   at Microsoft.AspNetCore.Mvc.Testing.WebApplicationFactory`1.CreateDefaultClient(DelegatingHandler[] handlers)&#xD;
   at Microsoft.AspNetCore.Mvc.Testing.WebApplicationFactory`1.CreateDefaultClient(Uri baseAddress, DelegatingHandler[] handlers)&#xD;
   at Microsoft.AspNetCore.Mvc.Testing.WebApplicationFactory`1.CreateClient(WebApplicationFactoryClientOptions options)&#xD;
   at Microsoft.AspNetCore.Mvc.Testing.WebApplicationFactory`1.CreateClient()&#xD;
   at LigaVoleibol.Tests.TeamsControllerTests..ctor() in C:\Users\jhgar\liga-voleibol-bogota\LigaVoleibol.Tests\TeamsControllerTests.cs:line 29&#xD;
   at System.RuntimeType.CreateInstanceDefaultCtor(Boolean publicOnly, Boolean wrapExceptions)</StackTrace>
        </ErrorInfo>
      </Output>
    </UnitTestResult>
    <UnitTestResult executionId="90843d35-5185-4291-8f17-49114fdf56d8" testId="b1f4689a-42c0-5a9a-88a9-95cd35a77f8b" testName="LigaVoleibol.Tests.PlayersControllerTests.PostPlayer_ReturnsBadRequest_WhenTeamNotFound" computerName="MSI" duration="00:00:00.0010000" startTime="2026-05-31T22:55:38.7168225-05:00" endTime="2026-05-31T22:55:38.7168229-05:00" testType="13cdc9d9-ddb5-4fa4-a97d-d965ccfc6d4b" outcome="Failed" testListId="8c84fa94-04c1-424b-9868-57a2d4851a1d" relativeResultsDirectory="90843d35-5185-4291-8f17-49114fdf56d8">
      <Output>
        <ErrorInfo>
          <Message>System.InvalidOperationException : Services for database providers 'Npgsql.EntityFrameworkCore.PostgreSQL', 'Microsoft.EntityFrameworkCore.InMemory' have been registered in the service provider. Only a single database provider can be registered in a service provider. If possible, ensure that Entity Framework is managing its service provider by removing the call to 'UseInternalServiceProvider'. Otherwise, consider conditionally registering the database provider, or maintaining one service provider per database provider.</Message>
          <StackTrace>   at Microsoft.EntityFrameworkCore.Internal.DbContextServices.Initialize(IServiceProvider scopedProvider, DbContextOptions contextOptions, DbContext context)&#xD;
   at Microsoft.EntityFrameworkCore.DbContext.get_ContextServices()&#xD;
   at Microsoft.EntityFrameworkCore.DbContext.get_InternalServiceProvider()&#xD;
   at Microsoft.EntityFrameworkCore.DbContext.Microsoft.EntityFrameworkCore.Infrastructure.IInfrastructure&lt;System.IServiceProvider&gt;.get_Instance()&#xD;
   at Microsoft.EntityFrameworkCore.Infrastructure.Internal.InfrastructureExtensions.GetService(IInfrastructure`1 accessor, Type serviceType)&#xD;
   at Microsoft.EntityFrameworkCore.Infrastructure.Internal.InfrastructureExtensions.GetService[TService](IInfrastructure`1 accessor)&#xD;
   at Microsoft.EntityFrameworkCore.Infrastructure.AccessorExtensions.GetService[TService](IInfrastructure`1 accessor)&#xD;
   at Microsoft.EntityFrameworkCore.Infrastructure.DatabaseFacade.get_ProviderName()&#xD;
   at Program.&lt;Main&gt;$(String[] args) in C:\Users\jhgar\liga-voleibol-bogota\LigaVoleibol.API\Program.cs:line 36&#xD;
   at InvokeStub_Program.&lt;Main&gt;$(Object, Span`1)&#xD;
   at System.Reflection.MethodBaseInvoker.InvokeWithOneArg(Object obj, BindingFlags invokeAttr, Binder binder, Object[] parameters, CultureInfo culture)&#xD;
--- End of stack trace from previous location ---&#xD;
   at Microsoft.AspNetCore.Mvc.Testing.DeferredHostBuilder.DeferredHost.StartAsync(CancellationToken cancellationToken)&#xD;
   at Microsoft.Extensions.Hosting.HostingAbstractionsHostExtensions.Start(IHost host)&#xD;
   at Microsoft.AspNetCore.Mvc.Testing.WebApplicationFactory`1.CreateHost(IHostBuilder builder)&#xD;
   at Microsoft.AspNetCore.Mvc.Testing.WebApplicationFactory`1.DelegatedWebApplicationFactory.CreateHost(IHostBuilder builder)&#xD;
   at Microsoft.AspNetCore.Mvc.Testing.WebApplicationFactory`1.ConfigureHostBuilder(IHostBuilder hostBuilder)&#xD;
   at Microsoft.AspNetCore.Mvc.Testing.WebApplicationFactory`1.EnsureServer()&#xD;
   at Microsoft.AspNetCore.Mvc.Testing.WebApplicationFactory`1.CreateDefaultClient(DelegatingHandler[] handlers)&#xD;
   at Microsoft.AspNetCore.Mvc.Testing.WebApplicationFactory`1.CreateDefaultClient(Uri baseAddress, DelegatingHandler[] handlers)&#xD;
   at Microsoft.AspNetCore.Mvc.Testing.WebApplicationFactory`1.CreateClient(WebApplicationFactoryClientOptions options)&#xD;
   at Microsoft.AspNetCore.Mvc.Testing.WebApplicationFactory`1.CreateClient()&#xD;
   at LigaVoleibol.Tests.PlayersControllerTests..ctor() in C:\Users\jhgar\liga-voleibol-bogota\LigaVoleibol.Tests\PlayersControllerTests.cs:line 29&#xD;
   at System.RuntimeType.CreateInstanceDefaultCtor(Boolean publicOnly, Boolean wrapExceptions)</StackTrace>
        </ErrorInfo>
      </Output>
    </UnitTestResult>
    <UnitTestResult executionId="2414ad63-a72b-4599-9702-260096aa78d4" testId="2600aaa0-3948-a14a-6791-76d94509122c" testName="LigaVoleibol.Tests.PlayersControllerTests.GetPlayers_WithTeamId_ReturnsFilteredList" computerName="MSI" duration="00:00:00.0010000" startTime="2026-05-31T22:55:38.6099315-05:00" endTime="2026-05-31T22:55:38.6099320-05:00" testType="13cdc9d9-ddb5-4fa4-a97d-d965ccfc6d4b" outcome="Failed" testListId="8c84fa94-04c1-424b-9868-57a2d4851a1d" relativeResultsDirectory="2414ad63-a72b-4599-9702-260096aa78d4">
      <Output>
        <ErrorInfo>
          <Message>System.InvalidOperationException : Services for database providers 'Npgsql.EntityFrameworkCore.PostgreSQL', 'Microsoft.EntityFrameworkCore.InMemory' have been registered in the service provider. Only a single database provider can be registered in a service provider. If possible, ensure that Entity Framework is managing its service provider by removing the call to 'UseInternalServiceProvider'. Otherwise, consider conditionally registering the database provider, or maintaining one service provider per database provider.</Message>
          <StackTrace>   at Microsoft.EntityFrameworkCore.Internal.DbContextServices.Initialize(IServiceProvider scopedProvider, DbContextOptions contextOptions, DbContext context)&#xD;
   at Microsoft.EntityFrameworkCore.DbContext.get_ContextServices()&#xD;
   at Microsoft.EntityFrameworkCore.DbContext.get_InternalServiceProvider()&#xD;
   at Microsoft.EntityFrameworkCore.DbContext.Microsoft.EntityFrameworkCore.Infrastructure.IInfrastructure&lt;System.IServiceProvider&gt;.get_Instance()&#xD;
   at Microsoft.EntityFrameworkCore.Infrastructure.Internal.InfrastructureExtensions.GetService(IInfrastructure`1 accessor, Type serviceType)&#xD;
   at Microsoft.EntityFrameworkCore.Infrastructure.Internal.InfrastructureExtensions.GetService[TService](IInfrastructure`1 accessor)&#xD;
   at Microsoft.EntityFrameworkCore.Infrastructure.AccessorExtensions.GetService[TService](IInfrastructure`1 accessor)&#xD;
   at Microsoft.EntityFrameworkCore.Infrastructure.DatabaseFacade.get_ProviderName()&#xD;
   at Program.&lt;Main&gt;$(String[] args) in C:\Users\jhgar\liga-voleibol-bogota\LigaVoleibol.API\Program.cs:line 36&#xD;
   at InvokeStub_Program.&lt;Main&gt;$(Object, Object, IntPtr*)&#xD;
   at System.Reflection.MethodBaseInvoker.InvokeDirectByRefWithFewArgs(Object obj, Span`1 copyOfArgs, BindingFlags invokeAttr)&#xD;
--- End of stack trace from previous location ---&#xD;
   at Microsoft.AspNetCore.Mvc.Testing.DeferredHostBuilder.DeferredHost.StartAsync(CancellationToken cancellationToken)&#xD;
   at Microsoft.Extensions.Hosting.HostingAbstractionsHostExtensions.Start(IHost host)&#xD;
   at Microsoft.AspNetCore.Mvc.Testing.WebApplicationFactory`1.CreateHost(IHostBuilder builder)&#xD;
   at Microsoft.AspNetCore.Mvc.Testing.WebApplicationFactory`1.DelegatedWebApplicationFactory.CreateHost(IHostBuilder builder)&#xD;
   at Microsoft.AspNetCore.Mvc.Testing.WebApplicationFactory`1.ConfigureHostBuilder(IHostBuilder hostBuilder)&#xD;
   at Microsoft.AspNetCore.Mvc.Testing.WebApplicationFactory`1.EnsureServer()&#xD;
   at Microsoft.AspNetCore.Mvc.Testing.WebApplicationFactory`1.CreateDefaultClient(DelegatingHandler[] handlers)&#xD;
   at Microsoft.AspNetCore.Mvc.Testing.WebApplicationFactory`1.CreateDefaultClient(Uri baseAddress, DelegatingHandler[] handlers)&#xD;
   at Microsoft.AspNetCore.Mvc.Testing.WebApplicationFactory`1.CreateClient(WebApplicationFactoryClientOptions options)&#xD;
   at Microsoft.AspNetCore.Mvc.Testing.WebApplicationFactory`1.CreateClient()&#xD;
   at LigaVoleibol.Tests.PlayersControllerTests..ctor() in C:\Users\jhgar\liga-voleibol-bogota\LigaVoleibol.Tests\PlayersControllerTests.cs:line 29&#xD;
   at System.RuntimeType.CreateInstanceDefaultCtor(Boolean publicOnly, Boolean wrapExceptions)</StackTrace>
        </ErrorInfo>
      </Output>
    </UnitTestResult>
    <UnitTestResult executionId="6cff546a-4ca0-4636-8a7b-6d0d7be7dcc1" testId="db31b241-39b2-57fc-f04f-66d33bdcaf53" testName="LigaVoleibol.Tests.TeamsControllerTests.PostTeam_ReturnsBadRequest_WhenNameMissing" computerName="MSI" duration="00:00:00.0010000" startTime="2026-05-31T22:55:38.7330763-05:00" endTime="2026-05-31T22:55:38.7330769-05:00" testType="13cdc9d9-ddb5-4fa4-a97d-d965ccfc6d4b" outcome="Failed" testListId="8c84fa94-04c1-424b-9868-57a2d4851a1d" relativeResultsDirectory="6cff546a-4ca0-4636-8a7b-6d0d7be7dcc1">
      <Output>
        <ErrorInfo>
          <Message>System.InvalidOperationException : Services for database providers 'Npgsql.EntityFrameworkCore.PostgreSQL', 'Microsoft.EntityFrameworkCore.InMemory' have been registered in the service provider. Only a single database provider can be registered in a service provider. If possible, ensure that Entity Framework is managing its service provider by removing the call to 'UseInternalServiceProvider'. Otherwise, consider conditionally registering the database provider, or maintaining one service provider per database provider.</Message>
          <StackTrace>   at Microsoft.EntityFrameworkCore.Internal.DbContextServices.Initialize(IServiceProvider scopedProvider, DbContextOptions contextOptions, DbContext context)&#xD;
   at Microsoft.EntityFrameworkCore.DbContext.get_ContextServices()&#xD;
   at Microsoft.EntityFrameworkCore.DbContext.get_InternalServiceProvider()&#xD;
   at Microsoft.EntityFrameworkCore.DbContext.Microsoft.EntityFrameworkCore.Infrastructure.IInfrastructure&lt;System.IServiceProvider&gt;.get_Instance()&#xD;
   at Microsoft.EntityFrameworkCore.Infrastructure.Internal.InfrastructureExtensions.GetService(IInfrastructure`1 accessor, Type serviceType)&#xD;
   at Microsoft.EntityFrameworkCore.Infrastructure.Internal.InfrastructureExtensions.GetService[TService](IInfrastructure`1 accessor)&#xD;
   at Microsoft.EntityFrameworkCore.Infrastructure.AccessorExtensions.GetService[TService](IInfrastructure`1 accessor)&#xD;
   at Microsoft.EntityFrameworkCore.Infrastructure.DatabaseFacade.get_ProviderName()&#xD;
   at Program.&lt;Main&gt;$(String[] args) in C:\Users\jhgar\liga-voleibol-bogota\LigaVoleibol.API\Program.cs:line 36&#xD;
   at InvokeStub_Program.&lt;Main&gt;$(Object, Span`1)&#xD;
   at System.Reflection.MethodBaseInvoker.InvokeWithOneArg(Object obj, BindingFlags invokeAttr, Binder binder, Object[] parameters, CultureInfo culture)&#xD;
--- End of stack trace from previous location ---&#xD;
   at Microsoft.AspNetCore.Mvc.Testing.DeferredHostBuilder.DeferredHost.StartAsync(CancellationToken cancellationToken)&#xD;
   at Microsoft.Extensions.Hosting.HostingAbstractionsHostExtensions.Start(IHost host)&#xD;
   at Microsoft.AspNetCore.Mvc.Testing.WebApplicationFactory`1.CreateHost(IHostBuilder builder)&#xD;
   at Microsoft.AspNetCore.Mvc.Testing.WebApplicationFactory`1.DelegatedWebApplicationFactory.CreateHost(IHostBuilder builder)&#xD;
   at Microsoft.AspNetCore.Mvc.Testing.WebApplicationFactory`1.ConfigureHostBuilder(IHostBuilder hostBuilder)&#xD;
   at Microsoft.AspNetCore.Mvc.Testing.WebApplicationFactory`1.EnsureServer()&#xD;
   at Microsoft.AspNetCore.Mvc.Testing.WebApplicationFactory`1.CreateDefaultClient(DelegatingHandler[] handlers)&#xD;
   at Microsoft.AspNetCore.Mvc.Testing.WebApplicationFactory`1.CreateDefaultClient(Uri baseAddress, DelegatingHandler[] handlers)&#xD;
   at Microsoft.AspNetCore.Mvc.Testing.WebApplicationFactory`1.CreateClient(WebApplicationFactoryClientOptions options)&#xD;
   at Microsoft.AspNetCore.Mvc.Testing.WebApplicationFactory`1.CreateClient()&#xD;
   at LigaVoleibol.Tests.TeamsControllerTests..ctor() in C:\Users\jhgar\liga-voleibol-bogota\LigaVoleibol.Tests\TeamsControllerTests.cs:line 29&#xD;
   at System.RuntimeType.CreateInstanceDefaultCtor(Boolean publicOnly, Boolean wrapExceptions)</StackTrace>
        </ErrorInfo>
      </Output>
    </UnitTestResult>
    <UnitTestResult executionId="e3590307-98d4-431f-b25a-4867fafe900d" testId="61c74ffd-12b5-e877-0057-6c5cfb8b70a0" testName="LigaVoleibol.Tests.TeamsControllerTests.PutTeam_ReturnsNotFound_WhenMissing" computerName="MSI" duration="00:00:00.0010000" startTime="2026-05-31T22:55:38.6705804-05:00" endTime="2026-05-31T22:55:38.6705807-05:00" testType="13cdc9d9-ddb5-4fa4-a97d-d965ccfc6d4b" outcome="Failed" testListId="8c84fa94-04c1-424b-9868-57a2d4851a1d" relativeResultsDirectory="e3590307-98d4-431f-b25a-4867fafe900d">
      <Output>
        <ErrorInfo>
          <Message>System.InvalidOperationException : Services for database providers 'Npgsql.EntityFrameworkCore.PostgreSQL', 'Microsoft.EntityFrameworkCore.InMemory' have been registered in the service provider. Only a single database provider can be registered in a service provider. If possible, ensure that Entity Framework is managing its service provider by removing the call to 'UseInternalServiceProvider'. Otherwise, consider conditionally registering the database provider, or maintaining one service provider per database provider.</Message>
          <StackTrace>   at Microsoft.EntityFrameworkCore.Internal.DbContextServices.Initialize(IServiceProvider scopedProvider, DbContextOptions contextOptions, DbContext context)&#xD;
   at Microsoft.EntityFrameworkCore.DbContext.get_ContextServices()&#xD;
   at Microsoft.EntityFrameworkCore.DbContext.get_InternalServiceProvider()&#xD;
   at Microsoft.EntityFrameworkCore.DbContext.Microsoft.EntityFrameworkCore.Infrastructure.IInfrastructure&lt;System.IServiceProvider&gt;.get_Instance()&#xD;
   at Microsoft.EntityFrameworkCore.Infrastructure.Internal.InfrastructureExtensions.GetService(IInfrastructure`1 accessor, Type serviceType)&#xD;
   at Microsoft.EntityFrameworkCore.Infrastructure.Internal.InfrastructureExtensions.GetService[TService](IInfrastructure`1 accessor)&#xD;
   at Microsoft.EntityFrameworkCore.Infrastructure.AccessorExtensions.GetService[TService](IInfrastructure`1 accessor)&#xD;
   at Microsoft.EntityFrameworkCore.Infrastructure.DatabaseFacade.get_ProviderName()&#xD;
   at Program.&lt;Main&gt;$(String[] args) in C:\Users\jhgar\liga-voleibol-bogota\LigaVoleibol.API\Program.cs:line 36&#xD;
   at InvokeStub_Program.&lt;Main&gt;$(Object, Span`1)&#xD;
   at System.Reflection.MethodBaseInvoker.InvokeWithOneArg(Object obj, BindingFlags invokeAttr, Binder binder, Object[] parameters, CultureInfo culture)&#xD;
--- End of stack trace from previous location ---&#xD;
   at Microsoft.AspNetCore.Mvc.Testing.DeferredHostBuilder.DeferredHost.StartAsync(CancellationToken cancellationToken)&#xD;
   at Microsoft.Extensions.Hosting.HostingAbstractionsHostExtensions.Start(IHost host)&#xD;
   at Microsoft.AspNetCore.Mvc.Testing.WebApplicationFactory`1.CreateHost(IHostBuilder builder)&#xD;
   at Microsoft.AspNetCore.Mvc.Testing.WebApplicationFactory`1.DelegatedWebApplicationFactory.CreateHost(IHostBuilder builder)&#xD;
   at Microsoft.AspNetCore.Mvc.Testing.WebApplicationFactory`1.ConfigureHostBuilder(IHostBuilder hostBuilder)&#xD;
   at Microsoft.AspNetCore.Mvc.Testing.WebApplicationFactory`1.EnsureServer()&#xD;
   at Microsoft.AspNetCore.Mvc.Testing.WebApplicationFactory`1.CreateDefaultClient(DelegatingHandler[] handlers)&#xD;
   at Microsoft.AspNetCore.Mvc.Testing.WebApplicationFactory`1.CreateDefaultClient(Uri baseAddress, DelegatingHandler[] handlers)&#xD;
   at Microsoft.AspNetCore.Mvc.Testing.WebApplicationFactory`1.CreateClient(WebApplicationFactoryClientOptions options)&#xD;
   at Microsoft.AspNetCore.Mvc.Testing.WebApplicationFactory`1.CreateClient()&#xD;
   at LigaVoleibol.Tests.TeamsControllerTests..ctor() in C:\Users\jhgar\liga-voleibol-bogota\LigaVoleibol.Tests\TeamsControllerTests.cs:line 29&#xD;
   at System.RuntimeType.CreateInstanceDefaultCtor(Boolean publicOnly, Boolean wrapExceptions)</StackTrace>
        </ErrorInfo>
      </Output>
    </UnitTestResult>
    <UnitTestResult executionId="bc2e8513-26c3-4c9e-b80e-d85c26037f1b" testId="9cd364bc-d715-21c1-231b-e85e117d4935" testName="LigaVoleibol.Tests.UnitTest1.Test1" computerName="MSI" duration="00:00:00.0014495" startTime="2026-05-31T22:55:36.0877326-05:00" endTime="2026-05-31T22:55:36.0877456-05:00" testType="13cdc9d9-ddb5-4fa4-a97d-d965ccfc6d4b" outcome="Passed" testListId="8c84fa94-04c1-424b-9868-57a2d4851a1d" relativeResultsDirectory="bc2e8513-26c3-4c9e-b80e-d85c26037f1b" />
    <UnitTestResult executionId="17bfd827-77c1-4ac0-ba66-1ac634e96ee4" testId="66d8cfa9-ebc2-1841-1e41-ea7addcad0ed" testName="LigaVoleibol.Tests.TeamsControllerTests.GetTeamById_ReturnsNotFound_WhenMissing" computerName="MSI" duration="00:00:00.0010000" startTime="2026-05-31T22:55:38.6109662-05:00" endTime="2026-05-31T22:55:38.6109670-05:00" testType="13cdc9d9-ddb5-4fa4-a97d-d965ccfc6d4b" outcome="Failed" testListId="8c84fa94-04c1-424b-9868-57a2d4851a1d" relativeResultsDirectory="17bfd827-77c1-4ac0-ba66-1ac634e96ee4">
      <Output>
        <ErrorInfo>
          <Message>System.InvalidOperationException : Services for database providers 'Npgsql.EntityFrameworkCore.PostgreSQL', 'Microsoft.EntityFrameworkCore.InMemory' have been registered in the service provider. Only a single database provider can be registered in a service provider. If possible, ensure that Entity Framework is managing its service provider by removing the call to 'UseInternalServiceProvider'. Otherwise, consider conditionally registering the database provider, or maintaining one service provider per database provider.</Message>
          <StackTrace>   at Microsoft.EntityFrameworkCore.Internal.DbContextServices.Initialize(IServiceProvider scopedProvider, DbContextOptions contextOptions, DbContext context)&#xD;
   at Microsoft.EntityFrameworkCore.DbContext.get_ContextServices()&#xD;
   at Microsoft.EntityFrameworkCore.DbContext.get_InternalServiceProvider()&#xD;
   at Microsoft.EntityFrameworkCore.DbContext.Microsoft.EntityFrameworkCore.Infrastructure.IInfrastructure&lt;System.IServiceProvider&gt;.get_Instance()&#xD;
   at Microsoft.EntityFrameworkCore.Infrastructure.Internal.InfrastructureExtensions.GetService(IInfrastructure`1 accessor, Type serviceType)&#xD;
   at Microsoft.EntityFrameworkCore.Infrastructure.Internal.InfrastructureExtensions.GetService[TService](IInfrastructure`1 accessor)&#xD;
   at Microsoft.EntityFrameworkCore.Infrastructure.AccessorExtensions.GetService[TService](IInfrastructure`1 accessor)&#xD;
   at Microsoft.EntityFrameworkCore.Infrastructure.DatabaseFacade.get_ProviderName()&#xD;
   at Program.&lt;Main&gt;$(String[] args) in C:\Users\jhgar\liga-voleibol-bogota\LigaVoleibol.API\Program.cs:line 36&#xD;
   at System.RuntimeMethodHandle.InvokeMethod(Object target, Void** arguments, Signature sig, Boolean isConstructor)&#xD;
   at System.Reflection.MethodBaseInvoker.InvokeDirectByRefWithFewArgs(Object obj, Span`1 copyOfArgs, BindingFlags invokeAttr)&#xD;
--- End of stack trace from previous location ---&#xD;
   at Microsoft.AspNetCore.Mvc.Testing.DeferredHostBuilder.DeferredHost.StartAsync(CancellationToken cancellationToken)&#xD;
   at Microsoft.Extensions.Hosting.HostingAbstractionsHostExtensions.Start(IHost host)&#xD;
   at Microsoft.AspNetCore.Mvc.Testing.WebApplicationFactory`1.CreateHost(IHostBuilder builder)&#xD;
   at Microsoft.AspNetCore.Mvc.Testing.WebApplicationFactory`1.DelegatedWebApplicationFactory.CreateHost(IHostBuilder builder)&#xD;
   at Microsoft.AspNetCore.Mvc.Testing.WebApplicationFactory`1.ConfigureHostBuilder(IHostBuilder hostBuilder)&#xD;
   at Microsoft.AspNetCore.Mvc.Testing.WebApplicationFactory`1.EnsureServer()&#xD;
   at Microsoft.AspNetCore.Mvc.Testing.WebApplicationFactory`1.CreateDefaultClient(DelegatingHandler[] handlers)&#xD;
   at Microsoft.AspNetCore.Mvc.Testing.WebApplicationFactory`1.CreateDefaultClient(Uri baseAddress, DelegatingHandler[] handlers)&#xD;
   at Microsoft.AspNetCore.Mvc.Testing.WebApplicationFactory`1.CreateClient(WebApplicationFactoryClientOptions options)&#xD;
   at Microsoft.AspNetCore.Mvc.Testing.WebApplicationFactory`1.CreateClient()&#xD;
   at LigaVoleibol.Tests.TeamsControllerTests..ctor() in C:\Users\jhgar\liga-voleibol-bogota\LigaVoleibol.Tests\TeamsControllerTests.cs:line 29&#xD;
   at System.RuntimeType.CreateInstanceDefaultCtor(Boolean publicOnly, Boolean wrapExceptions)</StackTrace>
        </ErrorInfo>
      </Output>
    </UnitTestResult>
    <UnitTestResult executionId="0b69bf54-fd50-4ed7-8771-b792545e74cf" testId="34de063b-55fd-58d8-2e75-7747bf0c066b" testName="LigaVoleibol.Tests.TeamsControllerTests.DeleteTeam_ReturnsNotFound_WhenMissing" computerName="MSI" duration="00:00:00.0010000" startTime="2026-05-31T22:55:38.6297073-05:00" endTime="2026-05-31T22:55:38.6297076-05:00" testType="13cdc9d9-ddb5-4fa4-a97d-d965ccfc6d4b" outcome="Failed" testListId="8c84fa94-04c1-424b-9868-57a2d4851a1d" relativeResultsDirectory="0b69bf54-fd50-4ed7-8771-b792545e74cf">
      <Output>
        <ErrorInfo>
          <Message>System.InvalidOperationException : Services for database providers 'Npgsql.EntityFrameworkCore.PostgreSQL', 'Microsoft.EntityFrameworkCore.InMemory' have been registered in the service provider. Only a single database provider can be registered in a service provider. If possible, ensure that Entity Framework is managing its service provider by removing the call to 'UseInternalServiceProvider'. Otherwise, consider conditionally registering the database provider, or maintaining one service provider per database provider.</Message>
          <StackTrace>   at Microsoft.EntityFrameworkCore.Internal.DbContextServices.Initialize(IServiceProvider scopedProvider, DbContextOptions contextOptions, DbContext context)&#xD;
   at Microsoft.EntityFrameworkCore.DbContext.get_ContextServices()&#xD;
   at Microsoft.EntityFrameworkCore.DbContext.get_InternalServiceProvider()&#xD;
   at Microsoft.EntityFrameworkCore.DbContext.Microsoft.EntityFrameworkCore.Infrastructure.IInfrastructure&lt;System.IServiceProvider&gt;.get_Instance()&#xD;
   at Microsoft.EntityFrameworkCore.Infrastructure.Internal.InfrastructureExtensions.GetService(IInfrastructure`1 accessor, Type serviceType)&#xD;
   at Microsoft.EntityFrameworkCore.Infrastructure.Internal.InfrastructureExtensions.GetService[TService](IInfrastructure`1 accessor)&#xD;
   at Microsoft.EntityFrameworkCore.Infrastructure.AccessorExtensions.GetService[TService](IInfrastructure`1 accessor)&#xD;
   at Microsoft.EntityFrameworkCore.Infrastructure.DatabaseFacade.get_ProviderName()&#xD;
   at Program.&lt;Main&gt;$(String[] args) in C:\Users\jhgar\liga-voleibol-bogota\LigaVoleibol.API\Program.cs:line 36&#xD;
   at InvokeStub_Program.&lt;Main&gt;$(Object, Span`1)&#xD;
   at System.Reflection.MethodBaseInvoker.InvokeWithOneArg(Object obj, BindingFlags invokeAttr, Binder binder, Object[] parameters, CultureInfo culture)&#xD;
--- End of stack trace from previous location ---&#xD;
   at Microsoft.AspNetCore.Mvc.Testing.DeferredHostBuilder.DeferredHost.StartAsync(CancellationToken cancellationToken)&#xD;
   at Microsoft.Extensions.Hosting.HostingAbstractionsHostExtensions.Start(IHost host)&#xD;
   at Microsoft.AspNetCore.Mvc.Testing.WebApplicationFactory`1.CreateHost(IHostBuilder builder)&#xD;
   at Microsoft.AspNetCore.Mvc.Testing.WebApplicationFactory`1.DelegatedWebApplicationFactory.CreateHost(IHostBuilder builder)&#xD;
   at Microsoft.AspNetCore.Mvc.Testing.WebApplicationFactory`1.ConfigureHostBuilder(IHostBuilder hostBuilder)&#xD;
   at Microsoft.AspNetCore.Mvc.Testing.WebApplicationFactory`1.EnsureServer()&#xD;
   at Microsoft.AspNetCore.Mvc.Testing.WebApplicationFactory`1.CreateDefaultClient(DelegatingHandler[] handlers)&#xD;
   at Microsoft.AspNetCore.Mvc.Testing.WebApplicationFactory`1.CreateDefaultClient(Uri baseAddress, DelegatingHandler[] handlers)&#xD;
   at Microsoft.AspNetCore.Mvc.Testing.WebApplicationFactory`1.CreateClient(WebApplicationFactoryClientOptions options)&#xD;
   at Microsoft.AspNetCore.Mvc.Testing.WebApplicationFactory`1.CreateClient()&#xD;
   at LigaVoleibol.Tests.TeamsControllerTests..ctor() in C:\Users\jhgar\liga-voleibol-bogota\LigaVoleibol.Tests\TeamsControllerTests.cs:line 29&#xD;
   at System.RuntimeType.CreateInstanceDefaultCtor(Boolean publicOnly, Boolean wrapExceptions)</StackTrace>
        </ErrorInfo>
      </Output>
    </UnitTestResult>
  </Results>
  <TestDefinitions>
    <UnitTest name="LigaVoleibol.Tests.PlayersControllerTests.PostPlayer_ReturnsCreated" storage="c:\users\jhgar\liga-voleibol-bogota\ligavoleibol.tests\bin\debug\net8.0\ligavoleibol.tests.dll" id="a1b3f2e7-1bda-32a7-5d09-1a9f8045a303">
      <Execution id="e671b7d7-64a2-4037-9fda-a78e773ccd6e" />
      <TestMethod codeBase="C:\Users\jhgar\liga-voleibol-bogota\LigaVoleibol.Tests\bin\Debug\net8.0\LigaVoleibol.Tests.dll" adapterTypeName="executor://xunit/VsTestRunner2/netcoreapp" className="LigaVoleibol.Tests.PlayersControllerTests" name="PostPlayer_ReturnsCreated" />
    </UnitTest>
    <UnitTest name="LigaVoleibol.Tests.PlayersControllerTests.GetPlayers_WithoutFilter_ReturnsAll" storage="c:\users\jhgar\liga-voleibol-bogota\ligavoleibol.tests\bin\debug\net8.0\ligavoleibol.tests.dll" id="04b9301c-b32a-af6c-8aa5-4d807d2555b9">
      <Execution id="441183d4-5583-4e97-8d6f-715489089357" />
      <TestMethod codeBase="C:\Users\jhgar\liga-voleibol-bogota\LigaVoleibol.Tests\bin\Debug\net8.0\LigaVoleibol.Tests.dll" adapterTypeName="executor://xunit/VsTestRunner2/netcoreapp" className="LigaVoleibol.Tests.PlayersControllerTests" name="GetPlayers_WithoutFilter_ReturnsAll" />
    </UnitTest>
    <UnitTest name="LigaVoleibol.Tests.TeamsControllerTests.PutTeam_ReturnsOk_WhenExists" storage="c:\users\jhgar\liga-voleibol-bogota\ligavoleibol.tests\bin\debug\net8.0\ligavoleibol.tests.dll" id="b0c3ca4c-b523-87e3-1d62-8788f19c3d45">
      <Execution id="57d0c063-106b-49fd-bc77-4004174627a9" />
      <TestMethod codeBase="C:\Users\jhgar\liga-voleibol-bogota\LigaVoleibol.Tests\bin\Debug\net8.0\LigaVoleibol.Tests.dll" adapterTypeName="executor://xunit/VsTestRunner2/netcoreapp" className="LigaVoleibol.Tests.TeamsControllerTests" name="PutTeam_ReturnsOk_WhenExists" />
    </UnitTest>
    <UnitTest name="LigaVoleibol.Tests.TeamsControllerTests.PutTeam_ReturnsNotFound_WhenMissing" storage="c:\users\jhgar\liga-voleibol-bogota\ligavoleibol.tests\bin\debug\net8.0\ligavoleibol.tests.dll" id="61c74ffd-12b5-e877-0057-6c5cfb8b70a0">
      <Execution id="e3590307-98d4-431f-b25a-4867fafe900d" />
      <TestMethod codeBase="C:\Users\jhgar\liga-voleibol-bogota\LigaVoleibol.Tests\bin\Debug\net8.0\LigaVoleibol.Tests.dll" adapterTypeName="executor://xunit/VsTestRunner2/netcoreapp" className="LigaVoleibol.Tests.TeamsControllerTests" name="PutTeam_ReturnsNotFound_WhenMissing" />
    </UnitTest>
    <UnitTest name="LigaVoleibol.Tests.TeamsControllerTests.GetTeamById_ReturnsNotFound_WhenMissing" storage="c:\users\jhgar\liga-voleibol-bogota\ligavoleibol.tests\bin\debug\net8.0\ligavoleibol.tests.dll" id="66d8cfa9-ebc2-1841-1e41-ea7addcad0ed">
      <Execution id="17bfd827-77c1-4ac0-ba66-1ac634e96ee4" />
      <TestMethod codeBase="C:\Users\jhgar\liga-voleibol-bogota\LigaVoleibol.Tests\bin\Debug\net8.0\LigaVoleibol.Tests.dll" adapterTypeName="executor://xunit/VsTestRunner2/netcoreapp" className="LigaVoleibol.Tests.TeamsControllerTests" name="GetTeamById_ReturnsNotFound_WhenMissing" />
    </UnitTest>
    <UnitTest name="LigaVoleibol.Tests.TeamsControllerTests.GetTeams_ReturnsOkWithList" storage="c:\users\jhgar\liga-voleibol-bogota\ligavoleibol.tests\bin\debug\net8.0\ligavoleibol.tests.dll" id="ac98bd27-0eeb-cbc0-bd09-aebb6e19bc08">
      <Execution id="4fa12715-fb07-4617-8c0b-6479b1d33eb4" />
      <TestMethod codeBase="C:\Users\jhgar\liga-voleibol-bogota\LigaVoleibol.Tests\bin\Debug\net8.0\LigaVoleibol.Tests.dll" adapterTypeName="executor://xunit/VsTestRunner2/netcoreapp" className="LigaVoleibol.Tests.TeamsControllerTests" name="GetTeams_ReturnsOkWithList" />
    </UnitTest>
    <UnitTest name="LigaVoleibol.Tests.TeamsControllerTests.PostTeam_ReturnsCreatedWithId" storage="c:\users\jhgar\liga-voleibol-bogota\ligavoleibol.tests\bin\debug\net8.0\ligavoleibol.tests.dll" id="cfafcdde-fa3e-3a02-c9a0-ebe07e7d6113">
      <Execution id="c8e2acbf-1adc-4ef5-989d-6f59d0a0cc69" />
      <TestMethod codeBase="C:\Users\jhgar\liga-voleibol-bogota\LigaVoleibol.Tests\bin\Debug\net8.0\LigaVoleibol.Tests.dll" adapterTypeName="executor://xunit/VsTestRunner2/netcoreapp" className="LigaVoleibol.Tests.TeamsControllerTests" name="PostTeam_ReturnsCreatedWithId" />
    </UnitTest>
    <UnitTest name="LigaVoleibol.Tests.PlayersControllerTests.PostPlayer_ReturnsBadRequest_WhenTeamNotFound" storage="c:\users\jhgar\liga-voleibol-bogota\ligavoleibol.tests\bin\debug\net8.0\ligavoleibol.tests.dll" id="b1f4689a-42c0-5a9a-88a9-95cd35a77f8b">
      <Execution id="90843d35-5185-4291-8f17-49114fdf56d8" />
      <TestMethod codeBase="C:\Users\jhgar\liga-voleibol-bogota\LigaVoleibol.Tests\bin\Debug\net8.0\LigaVoleibol.Tests.dll" adapterTypeName="executor://xunit/VsTestRunner2/netcoreapp" className="LigaVoleibol.Tests.PlayersControllerTests" name="PostPlayer_ReturnsBadRequest_WhenTeamNotFound" />
    </UnitTest>
    <UnitTest name="LigaVoleibol.Tests.UnitTest1.Test1" storage="c:\users\jhgar\liga-voleibol-bogota\ligavoleibol.tests\bin\debug\net8.0\ligavoleibol.tests.dll" id="9cd364bc-d715-21c1-231b-e85e117d4935">
      <Execution id="bc2e8513-26c3-4c9e-b80e-d85c26037f1b" />
      <TestMethod codeBase="C:\Users\jhgar\liga-voleibol-bogota\LigaVoleibol.Tests\bin\Debug\net8.0\LigaVoleibol.Tests.dll" adapterTypeName="executor://xunit/VsTestRunner2/netcoreapp" className="LigaVoleibol.Tests.UnitTest1" name="Test1" />
    </UnitTest>
    <UnitTest name="LigaVoleibol.Tests.TeamsControllerTests.DeleteTeam_ReturnsNotFound_WhenMissing" storage="c:\users\jhgar\liga-voleibol-bogota\ligavoleibol.tests\bin\debug\net8.0\ligavoleibol.tests.dll" id="34de063b-55fd-58d8-2e75-7747bf0c066b">
      <Execution id="0b69bf54-fd50-4ed7-8771-b792545e74cf" />
      <TestMethod codeBase="C:\Users\jhgar\liga-voleibol-bogota\LigaVoleibol.Tests\bin\Debug\net8.0\LigaVoleibol.Tests.dll" adapterTypeName="executor://xunit/VsTestRunner2/netcoreapp" className="LigaVoleibol.Tests.TeamsControllerTests" name="DeleteTeam_ReturnsNotFound_WhenMissing" />
    </UnitTest>
    <UnitTest name="LigaVoleibol.Tests.PlayersControllerTests.DeletePlayer_ReturnsNoContent_WhenExists" storage="c:\users\jhgar\liga-voleibol-bogota\ligavoleibol.tests\bin\debug\net8.0\ligavoleibol.tests.dll" id="a0ed08ea-6ff9-5bbf-6bdf-a81ada944bea">
      <Execution id="9098b476-6261-49df-8f22-a5eda4dcabf5" />
      <TestMethod codeBase="C:\Users\jhgar\liga-voleibol-bogota\LigaVoleibol.Tests\bin\Debug\net8.0\LigaVoleibol.Tests.dll" adapterTypeName="executor://xunit/VsTestRunner2/netcoreapp" className="LigaVoleibol.Tests.PlayersControllerTests" name="DeletePlayer_ReturnsNoContent_WhenExists" />
    </UnitTest>
    <UnitTest name="LigaVoleibol.Tests.PlayersControllerTests.GetPlayers_WithTeamId_ReturnsFilteredList" storage="c:\users\jhgar\liga-voleibol-bogota\ligavoleibol.tests\bin\debug\net8.0\ligavoleibol.tests.dll" id="2600aaa0-3948-a14a-6791-76d94509122c">
      <Execution id="2414ad63-a72b-4599-9702-260096aa78d4" />
      <TestMethod codeBase="C:\Users\jhgar\liga-voleibol-bogota\LigaVoleibol.Tests\bin\Debug\net8.0\LigaVoleibol.Tests.dll" adapterTypeName="executor://xunit/VsTestRunner2/netcoreapp" className="LigaVoleibol.Tests.PlayersControllerTests" name="GetPlayers_WithTeamId_ReturnsFilteredList" />
    </UnitTest>
    <UnitTest name="LigaVoleibol.Tests.PlayersControllerTests.PutPlayer_ReturnsOk_WhenExists" storage="c:\users\jhgar\liga-voleibol-bogota\ligavoleibol.tests\bin\debug\net8.0\ligavoleibol.tests.dll" id="80591870-7618-0efb-eb8f-8552a3fbe4d4">
      <Execution id="33c7031a-8abf-432e-a5c6-18cad5fee459" />
      <TestMethod codeBase="C:\Users\jhgar\liga-voleibol-bogota\LigaVoleibol.Tests\bin\Debug\net8.0\LigaVoleibol.Tests.dll" adapterTypeName="executor://xunit/VsTestRunner2/netcoreapp" className="LigaVoleibol.Tests.PlayersControllerTests" name="PutPlayer_ReturnsOk_WhenExists" />
    </UnitTest>
    <UnitTest name="LigaVoleibol.Tests.TeamsControllerTests.PostTeam_ReturnsBadRequest_WhenNameMissing" storage="c:\users\jhgar\liga-voleibol-bogota\ligavoleibol.tests\bin\debug\net8.0\ligavoleibol.tests.dll" id="db31b241-39b2-57fc-f04f-66d33bdcaf53">
      <Execution id="6cff546a-4ca0-4636-8a7b-6d0d7be7dcc1" />
      <TestMethod codeBase="C:\Users\jhgar\liga-voleibol-bogota\LigaVoleibol.Tests\bin\Debug\net8.0\LigaVoleibol.Tests.dll" adapterTypeName="executor://xunit/VsTestRunner2/netcoreapp" className="LigaVoleibol.Tests.TeamsControllerTests" name="PostTeam_ReturnsBadRequest_WhenNameMissing" />
    </UnitTest>
    <UnitTest name="LigaVoleibol.Tests.TeamsControllerTests.GetTeamById_ReturnsOk_WhenExists" storage="c:\users\jhgar\liga-voleibol-bogota\ligavoleibol.tests\bin\debug\net8.0\ligavoleibol.tests.dll" id="20e5fec1-c470-19d8-ac1f-062c12d7158f">
      <Execution id="11d79ee3-5964-43c2-a3d9-7b6f8af17faa" />
      <TestMethod codeBase="C:\Users\jhgar\liga-voleibol-bogota\LigaVoleibol.Tests\bin\Debug\net8.0\LigaVoleibol.Tests.dll" adapterTypeName="executor://xunit/VsTestRunner2/netcoreapp" className="LigaVoleibol.Tests.TeamsControllerTests" name="GetTeamById_ReturnsOk_WhenExists" />
    </UnitTest>
    <UnitTest name="LigaVoleibol.Tests.PlayersControllerTests.PutPlayer_ReturnsNotFound_WhenMissing" storage="c:\users\jhgar\liga-voleibol-bogota\ligavoleibol.tests\bin\debug\net8.0\ligavoleibol.tests.dll" id="2c6f46fb-3d50-be8c-2967-885a7c0ea29d">
      <Execution id="8d4f7e15-33e3-48bb-b9dc-940278e29ccf" />
      <TestMethod codeBase="C:\Users\jhgar\liga-voleibol-bogota\LigaVoleibol.Tests\bin\Debug\net8.0\LigaVoleibol.Tests.dll" adapterTypeName="executor://xunit/VsTestRunner2/netcoreapp" className="LigaVoleibol.Tests.PlayersControllerTests" name="PutPlayer_ReturnsNotFound_WhenMissing" />
    </UnitTest>
    <UnitTest name="LigaVoleibol.Tests.TeamsControllerTests.DeleteTeam_ReturnsNoContent_WhenExists" storage="c:\users\jhgar\liga-voleibol-bogota\ligavoleibol.tests\bin\debug\net8.0\ligavoleibol.tests.dll" id="d63e3dfc-15ed-208b-ea62-3c62c8ff20c0">
      <Execution id="c16c9d4b-8010-42bd-8d8c-c19bfdcfff8f" />
      <TestMethod codeBase="C:\Users\jhgar\liga-voleibol-bogota\LigaVoleibol.Tests\bin\Debug\net8.0\LigaVoleibol.Tests.dll" adapterTypeName="executor://xunit/VsTestRunner2/netcoreapp" className="LigaVoleibol.Tests.TeamsControllerTests" name="DeleteTeam_ReturnsNoContent_WhenExists" />
    </UnitTest>
    <UnitTest name="LigaVoleibol.Tests.PlayersControllerTests.DeletePlayer_ReturnsNotFound_WhenMissing" storage="c:\users\jhgar\liga-voleibol-bogota\ligavoleibol.tests\bin\debug\net8.0\ligavoleibol.tests.dll" id="7d03039b-5e3e-83c9-752b-a0d59292e9d2">
      <Execution id="bf8f8cae-2ab3-41ae-9fba-0d5b58003f09" />
      <TestMethod codeBase="C:\Users\jhgar\liga-voleibol-bogota\LigaVoleibol.Tests\bin\Debug\net8.0\LigaVoleibol.Tests.dll" adapterTypeName="executor://xunit/VsTestRunner2/netcoreapp" className="LigaVoleibol.Tests.PlayersControllerTests" name="DeletePlayer_ReturnsNotFound_WhenMissing" />
    </UnitTest>
  </TestDefinitions>
  <TestEntries>
    <TestEntry testId="a1b3f2e7-1bda-32a7-5d09-1a9f8045a303" executionId="e671b7d7-64a2-4037-9fda-a78e773ccd6e" testListId="8c84fa94-04c1-424b-9868-57a2d4851a1d" />
    <TestEntry testId="cfafcdde-fa3e-3a02-c9a0-ebe07e7d6113" executionId="c8e2acbf-1adc-4ef5-989d-6f59d0a0cc69" testListId="8c84fa94-04c1-424b-9868-57a2d4851a1d" />
    <TestEntry testId="80591870-7618-0efb-eb8f-8552a3fbe4d4" executionId="33c7031a-8abf-432e-a5c6-18cad5fee459" testListId="8c84fa94-04c1-424b-9868-57a2d4851a1d" />
    <TestEntry testId="20e5fec1-c470-19d8-ac1f-062c12d7158f" executionId="11d79ee3-5964-43c2-a3d9-7b6f8af17faa" testListId="8c84fa94-04c1-424b-9868-57a2d4851a1d" />
    <TestEntry testId="2c6f46fb-3d50-be8c-2967-885a7c0ea29d" executionId="8d4f7e15-33e3-48bb-b9dc-940278e29ccf" testListId="8c84fa94-04c1-424b-9868-57a2d4851a1d" />
    <TestEntry testId="04b9301c-b32a-af6c-8aa5-4d807d2555b9" executionId="441183d4-5583-4e97-8d6f-715489089357" testListId="8c84fa94-04c1-424b-9868-57a2d4851a1d" />
    <TestEntry testId="7d03039b-5e3e-83c9-752b-a0d59292e9d2" executionId="bf8f8cae-2ab3-41ae-9fba-0d5b58003f09" testListId="8c84fa94-04c1-424b-9868-57a2d4851a1d" />
[...]
[xUnit.net 00:00:04.72]            at Microsoft.EntityFrameworkCore.DbContext.get_ContextServices()&#xD;
[xUnit.net 00:00:04.72]            at Microsoft.EntityFrameworkCore.DbContext.get_InternalServiceProvider()&#xD;
[xUnit.net 00:00:04.72]            at Microsoft.EntityFrameworkCore.DbContext.Microsoft.EntityFrameworkCore.Infrastructure.IInfrastructure&lt;System.IServiceProvider&gt;.get_Instance()&#xD;
[xUnit.net 00:00:04.72]            at Microsoft.EntityFrameworkCore.Infrastructure.Internal.InfrastructureExtensions.GetService(IInfrastructure`1 accessor, Type serviceType)&#xD;
[xUnit.net 00:00:04.72]            at Microsoft.EntityFrameworkCore.Infrastructure.Internal.InfrastructureExtensions.GetService[TService](IInfrastructure`1 accessor)&#xD;
[xUnit.net 00:00:04.72]            at Microsoft.EntityFrameworkCore.Infrastructure.AccessorExtensions.GetService[TService](IInfrastructure`1 accessor)&#xD;
[xUnit.net 00:00:04.72]            at Microsoft.EntityFrameworkCore.Infrastructure.DatabaseFacade.get_ProviderName()&#xD;
[xUnit.net 00:00:04.72]         C:\Users\jhgar\liga-voleibol-bogota\LigaVoleibol.API\Program.cs(36,0): at Program.&lt;Main&gt;$(String[] args)&#xD;
[xUnit.net 00:00:04.72]            at InvokeStub_Program.&lt;Main&gt;$(Object, Span`1)&#xD;
[xUnit.net 00:00:04.72]            at System.Reflection.MethodBaseInvoker.InvokeWithOneArg(Object obj, BindingFlags invokeAttr, Binder binder, Object[] parameters, CultureInfo culture)&#xD;
[xUnit.net 00:00:04.72]         --- End of stack trace from previous location ---&#xD;
[xUnit.net 00:00:04.72]            at Microsoft.AspNetCore.Mvc.Testing.DeferredHostBuilder.DeferredHost.StartAsync(CancellationToken cancellationToken)&#xD;
[xUnit.net 00:00:04.72]            at Microsoft.Extensions.Hosting.HostingAbstractionsHostExtensions.Start(IHost host)&#xD;
[xUnit.net 00:00:04.72]            at Microsoft.AspNetCore.Mvc.Testing.WebApplicationFactory`1.CreateHost(IHostBuilder builder)&#xD;
[xUnit.net 00:00:04.72]            at Microsoft.AspNetCore.Mvc.Testing.WebApplicationFactory`1.DelegatedWebApplicationFactory.CreateHost(IHostBuilder builder)&#xD;
[xUnit.net 00:00:04.72]            at Microsoft.AspNetCore.Mvc.Testing.WebApplicationFactory`1.ConfigureHostBuilder(IHostBuilder hostBuilder)&#xD;
[xUnit.net 00:00:04.73]            at Microsoft.AspNetCore.Mvc.Testing.WebApplicationFactory`1.EnsureServer()&#xD;
[xUnit.net 00:00:04.73]            at Microsoft.AspNetCore.Mvc.Testing.WebApplicationFactory`1.CreateDefaultClient(DelegatingHandler[] handlers)&#xD;
[xUnit.net 00:00:04.73]            at Microsoft.AspNetCore.Mvc.Testing.WebApplicationFactory`1.CreateDefaultClient(Uri baseAddress, DelegatingHandler[] handlers)&#xD;
[xUnit.net 00:00:04.73]            at Microsoft.AspNetCore.Mvc.Testing.WebApplicationFactory`1.CreateClient(WebApplicationFactoryClientOptions options)&#xD;
[xUnit.net 00:00:04.73]            at Microsoft.AspNetCore.Mvc.Testing.WebApplicationFactory`1.CreateClient()&#xD;
[xUnit.net 00:00:04.73]         C:\Users\jhgar\liga-voleibol-bogota\LigaVoleibol.Tests\PlayersControllerTests.cs(29,0): at LigaVoleibol.Tests.PlayersControllerTests..ctor()&#xD;
[xUnit.net 00:00:04.73]            at System.RuntimeType.CreateInstanceDefaultCtor(Boolean publicOnly, Boolean wrapExceptions)&#xD;
[xUnit.net 00:00:04.76]       System.InvalidOperationException : Services for database providers 'Npgsql.EntityFrameworkCore.PostgreSQL', 'Microsoft.EntityFrameworkCore.InMemory' have been registered in the service provider. Only a single database provider can be registered in a service provider. If possible, ensure that Entity Framework is managing its service provider by removing the call to 'UseInternalServiceProvider'. Otherwise, consider conditionally registering the database provider, or maintaining one service provider per database provider.&#xD;
[xUnit.net 00:00:04.76]       Stack Trace:&#xD;
[xUnit.net 00:00:04.76]            at Microsoft.EntityFrameworkCore.Internal.DbContextServices.Initialize(IServiceProvider scopedProvider, DbContextOptions contextOptions, DbContext context)&#xD;
[xUnit.net 00:00:04.76]            at Microsoft.EntityFrameworkCore.DbContext.get_ContextServices()&#xD;
[xUnit.net 00:00:04.76]            at Microsoft.EntityFrameworkCore.DbContext.get_InternalServiceProvider()&#xD;
[xUnit.net 00:00:04.76]            at Microsoft.EntityFrameworkCore.DbContext.Microsoft.EntityFrameworkCore.Infrastructure.IInfrastructure&lt;System.IServiceProvider&gt;.get_Instance()&#xD;
[xUnit.net 00:00:04.76]            at Microsoft.EntityFrameworkCore.Infrastructure.Internal.InfrastructureExtensions.GetService(IInfrastructure`1 accessor, Type serviceType)&#xD;
[xUnit.net 00:00:04.76]            at Microsoft.EntityFrameworkCore.Infrastructure.Internal.InfrastructureExtensions.GetService[TService](IInfrastructure`1 accessor)&#xD;
[xUnit.net 00:00:04.76]            at Microsoft.EntityFrameworkCore.Infrastructure.AccessorExtensions.GetService[TService](IInfrastructure`1 accessor)&#xD;
[xUnit.net 00:00:04.76]            at Microsoft.EntityFrameworkCore.Infrastructure.DatabaseFacade.get_ProviderName()&#xD;
[xUnit.net 00:00:04.76]         C:\Users\jhgar\liga-voleibol-bogota\LigaVoleibol.API\Program.cs(36,0): at Program.&lt;Main&gt;$(String[] args)&#xD;
[xUnit.net 00:00:04.76]            at InvokeStub_Program.&lt;Main&gt;$(Object, Span`1)&#xD;
[xUnit.net 00:00:04.76]            at System.Reflection.MethodBaseInvoker.InvokeWithOneArg(Object obj, BindingFlags invokeAttr, Binder binder, Object[] parameters, CultureInfo culture)&#xD;
[xUnit.net 00:00:04.76]         --- End of stack trace from previous location ---&#xD;
[xUnit.net 00:00:04.76]            at Microsoft.AspNetCore.Mvc.Testing.DeferredHostBuilder.DeferredHost.StartAsync(CancellationToken cancellationToken)&#xD;
[xUnit.net 00:00:04.76]            at Microsoft.Extensions.Hosting.HostingAbstractionsHostExtensions.Start(IHost host)&#xD;
[xUnit.net 00:00:04.76]            at Microsoft.AspNetCore.Mvc.Testing.WebApplicationFactory`1.CreateHost(IHostBuilder builder)&#xD;
[xUnit.net 00:00:04.76]            at Microsoft.AspNetCore.Mvc.Testing.WebApplicationFactory`1.DelegatedWebApplicationFactory.CreateHost(IHostBuilder builder)&#xD;
[xUnit.net 00:00:04.76]            at Microsoft.AspNetCore.Mvc.Testing.WebApplicationFactory`1.ConfigureHostBuilder(IHostBuilder hostBuilder)&#xD;
[xUnit.net 00:00:04.76]            at Microsoft.AspNetCore.Mvc.Testing.WebApplicationFactory`1.EnsureServer()&#xD;
[xUnit.net 00:00:04.76]            at Microsoft.AspNetCore.Mvc.Testing.WebApplicationFactory`1.CreateDefaultClient(DelegatingHandler[] handlers)&#xD;
[xUnit.net 00:00:04.76]            at Microsoft.AspNetCore.Mvc.Testing.WebApplicationFactory`1.CreateDefaultClient(Uri baseAddress, DelegatingHandler[] handlers)&#xD;
[xUnit.net 00:00:04.76]            at Microsoft.AspNetCore.Mvc.Testing.WebApplicationFactory`1.CreateClient(WebApplicationFactoryClientOptions options)&#xD;
[xUnit.net 00:00:04.76]            at Microsoft.AspNetCore.Mvc.Testing.WebApplicationFactory`1.CreateClient()&#xD;
[xUnit.net 00:00:04.76]         C:\Users\jhgar\liga-voleibol-bogota\LigaVoleibol.Tests\TeamsControllerTests.cs(29,0): at LigaVoleibol.Tests.TeamsControllerTests..ctor()&#xD;
[xUnit.net 00:00:04.76]            at System.RuntimeType.CreateInstanceDefaultCtor(Boolean publicOnly, Boolean wrapExceptions)&#xD;
[xUnit.net 00:00:04.76]       System.InvalidOperationException : Services for database providers 'Npgsql.EntityFrameworkCore.PostgreSQL', 'Microsoft.EntityFrameworkCore.InMemory' have been registered in the service provider. Only a single database provider can be registered in a service provider. If possible, ensure that Entity Framework is managing its service provider by removing the call to 'UseInternalServiceProvider'. Otherwise, consider conditionally registering the database provider, or maintaining one service provider per database provider.&#xD;
[xUnit.net 00:00:04.76]       Stack Trace:&#xD;
[xUnit.net 00:00:04.76]            at Microsoft.EntityFrameworkCore.Internal.DbContextServices.Initialize(IServiceProvider scopedProvider, DbContextOptions contextOptions, DbContext context)&#xD;
[xUnit.net 00:00:04.76]            at Microsoft.EntityFrameworkCore.DbContext.get_ContextServices()&#xD;
[xUnit.net 00:00:04.76]            at Microsoft.EntityFrameworkCore.DbContext.get_InternalServiceProvider()&#xD;
[xUnit.net 00:00:04.76]            at Microsoft.EntityFrameworkCore.DbContext.Microsoft.EntityFrameworkCore.Infrastructure.IInfrastructure&lt;System.IServiceProvider&gt;.get_Instance()&#xD;
[xUnit.net 00:00:04.76]            at Microsoft.EntityFrameworkCore.Infrastructure.Internal.InfrastructureExtensions.GetService(IInfrastructure`1 accessor, Type serviceType)&#xD;
[xUnit.net 00:00:04.76]            at Microsoft.EntityFrameworkCore.Infrastructure.Internal.InfrastructureExtensions.GetService[TService](IInfrastructure`1 accessor)&#xD;
[xUnit.net 00:00:04.76]            at Microsoft.EntityFrameworkCore.Infrastructure.AccessorExtensions.GetService[TService](IInfrastructure`1 accessor)&#xD;
[xUnit.net 00:00:04.76]            at Microsoft.EntityFrameworkCore.Infrastructure.DatabaseFacade.get_ProviderName()&#xD;
[xUnit.net 00:00:04.76]         C:\Users\jhgar\liga-voleibol-bogota\LigaVoleibol.API\Program.cs(36,0): at Program.&lt;Main&gt;$(String[] args)&#xD;
[xUnit.net 00:00:04.76]            at InvokeStub_Program.&lt;Main&gt;$(Object, Span`1)&#xD;
[xUnit.net 00:00:04.76]            at System.Reflection.MethodBaseInvoker.InvokeWithOneArg(Object obj, BindingFlags invokeAttr, Binder binder, Object[] parameters, CultureInfo culture)&#xD;
[xUnit.net 00:00:04.76]         --- End of stack trace from previous location ---&#xD;
[xUnit.net 00:00:04.76]            at Microsoft.AspNetCore.Mvc.Testing.DeferredHostBuilder.DeferredHost.StartAsync(CancellationToken cancellationToken)&#xD;
[xUnit.net 00:00:04.76]            at Microsoft.Extensions.Hosting.HostingAbstractionsHostExtensions.Start(IHost host)&#xD;
[xUnit.net 00:00:04.76]            at Microsoft.AspNetCore.Mvc.Testing.WebApplicationFactory`1.CreateHost(IHostBuilder builder)&#xD;
[xUnit.net 00:00:04.76]            at Microsoft.AspNetCore.Mvc.Testing.WebApplicationFactory`1.DelegatedWebApplicationFactory.CreateHost(IHostBuilder builder)&#xD;
[xUnit.net 00:00:04.76]            at Microsoft.AspNetCore.Mvc.Testing.WebApplicationFactory`1.ConfigureHostBuilder(IHostBuilder hostBuilder)&#xD;
[xUnit.net 00:00:04.76]            at Microsoft.AspNetCore.Mvc.Testing.WebApplicationFactory`1.EnsureServer()&#xD;
[xUnit.net 00:00:04.76]            at Microsoft.AspNetCore.Mvc.Testing.WebApplicationFactory`1.CreateDefaultClient(DelegatingHandler[] handlers)&#xD;
[xUnit.net 00:00:04.76]            at Microsoft.AspNetCore.Mvc.Testing.WebApplicationFactory`1.CreateDefaultClient(Uri baseAddress, DelegatingHandler[] handlers)&#xD;
[xUnit.net 00:00:04.76]            at Microsoft.AspNetCore.Mvc.Testing.WebApplicationFactory`1.CreateClient(WebApplicationFactoryClientOptions options)&#xD;
[xUnit.net 00:00:04.76]            at Microsoft.AspNetCore.Mvc.Testing.WebApplicationFactory`1.CreateClient()&#xD;
[xUnit.net 00:00:04.76]         C:\Users\jhgar\liga-voleibol-bogota\LigaVoleibol.Tests\PlayersControllerTests.cs(29,0): at LigaVoleibol.Tests.PlayersControllerTests..ctor()&#xD;
[xUnit.net 00:00:04.76]            at System.RuntimeType.CreateInstanceDefaultCtor(Boolean publicOnly, Boolean wrapExceptions)&#xD;
[xUnit.net 00:00:04.77]       System.InvalidOperationException : Services for database providers 'Npgsql.EntityFrameworkCore.PostgreSQL', 'Microsoft.EntityFrameworkCore.InMemory' have been registered in the service provider. Only a single database provider can be registered in a service provider. If possible, ensure that Entity Framework is managing its service provider by removing the call to 'UseInternalServiceProvider'. Otherwise, consider conditionally registering the database provider, or maintaining one service provider per database provider.&#xD;
[xUnit.net 00:00:04.77]       Stack Trace:&#xD;
[xUnit.net 00:00:04.77]            at Microsoft.EntityFrameworkCore.Internal.DbContextServices.Initialize(IServiceProvider scopedProvider, DbContextOptions contextOptions, DbContext context)&#xD;
[xUnit.net 00:00:04.77]            at Microsoft.EntityFrameworkCore.DbContext.get_ContextServices()&#xD;
[xUnit.net 00:00:04.77]            at Microsoft.EntityFrameworkCore.DbContext.get_InternalServiceProvider()&#xD;
[xUnit.net 00:00:04.77]            at Microsoft.EntityFrameworkCore.DbContext.Microsoft.EntityFrameworkCore.Infrastructure.IInfrastructure&lt;System.IServiceProvider&gt;.get_Instance()&#xD;
[xUnit.net 00:00:04.77]            at Microsoft.EntityFrameworkCore.Infrastructure.Internal.InfrastructureExtensions.GetService(IInfrastructure`1 accessor, Type serviceType)&#xD;
[xUnit.net 00:00:04.77]            at Microsoft.EntityFrameworkCore.Infrastructure.Internal.InfrastructureExtensions.GetService[TService](IInfrastructure`1 accessor)&#xD;
[xUnit.net 00:00:04.77]            at Microsoft.EntityFrameworkCore.Infrastructure.AccessorExtensions.GetService[TService](IInfrastructure`1 accessor)&#xD;
[xUnit.net 00:00:04.77]            at Microsoft.EntityFrameworkCore.Infrastructure.DatabaseFacade.get_ProviderName()&#xD;
[xUnit.net 00:00:04.77]         C:\Users\jhgar\liga-voleibol-bogota\LigaVoleibol.API\Program.cs(36,0): at Program.&lt;Main&gt;$(String[] args)&#xD;
[xUnit.net 00:00:04.77]            at InvokeStub_Program.&lt;Main&gt;$(Object, Span`1)&#xD;
[xUnit.net 00:00:04.77]            at System.Reflection.MethodBaseInvoker.InvokeWithOneArg(Object obj, BindingFlags invokeAttr, Binder binder, Object[] parameters, CultureInfo culture)&#xD;
[xUnit.net 00:00:04.77]         --- End of stack trace from previous location ---&#xD;
[xUnit.net 00:00:04.77]            at Microsoft.AspNetCore.Mvc.Testing.DeferredHostBuilder.DeferredHost.StartAsync(CancellationToken cancellationToken)&#xD;
[xUnit.net 00:00:04.77]            at Microsoft.Extensions.Hosting.HostingAbstractionsHostExtensions.Start(IHost host)&#xD;
[xUnit.net 00:00:04.77]            at Microsoft.AspNetCore.Mvc.Testing.WebApplicationFactory`1.CreateHost(IHostBuilder builder)&#xD;
[xUnit.net 00:00:04.77]            at Microsoft.AspNetCore.Mvc.Testing.WebApplicationFactory`1.DelegatedWebApplicationFactory.CreateHost(IHostBuilder builder)&#xD;
[xUnit.net 00:00:04.77]            at Microsoft.AspNetCore.Mvc.Testing.WebApplicationFactory`1.ConfigureHostBuilder(IHostBuilder hostBuilder)&#xD;
[xUnit.net 00:00:04.77]            at Microsoft.AspNetCore.Mvc.Testing.WebApplicationFactory`1.EnsureServer()&#xD;
[xUnit.net 00:00:04.77]            at Microsoft.AspNetCore.Mvc.Testing.WebApplicationFactory`1.CreateDefaultClient(DelegatingHandler[] handlers)&#xD;
[xUnit.net 00:00:04.77]            at Microsoft.AspNetCore.Mvc.Testing.WebApplicationFactory`1.CreateDefaultClient(Uri baseAddress, DelegatingHandler[] handlers)&#xD;
[xUnit.net 00:00:04.77]            at Microsoft.AspNetCore.Mvc.Testing.WebApplicationFactory`1.CreateClient(WebApplicationFactoryClientOptions options)&#xD;
[xUnit.net 00:00:04.77]            at Microsoft.AspNetCore.Mvc.Testing.WebApplicationFactory`1.CreateClient()&#xD;
[xUnit.net 00:00:04.77]         C:\Users\jhgar\liga-voleibol-bogota\LigaVoleibol.Tests\TeamsControllerTests.cs(29,0): at LigaVoleibol.Tests.TeamsControllerTests..ctor()&#xD;
[xUnit.net 00:00:04.77]            at System.RuntimeType.CreateInstanceDefaultCtor(Boolean publicOnly, Boolean wrapExceptions)&#xD;
[xUnit.net 00:00:04.77]   Finished:    LigaVoleibol.Tests&#xD;
</StdOut>
    </Output>
    <RunInfos>
      <RunInfo computerName="MSI" outcome="Error" timestamp="2026-05-31T22:55:38.5972987-05:00">
        <Text>[xUnit.net 00:00:04.58]     LigaVoleibol.Tests.PlayersControllerTests.GetPlayers_WithTeamId_ReturnsFilteredList [FAIL]</Text>
      </RunInfo>
      <RunInfo computerName="MSI" outcome="Error" timestamp="2026-05-31T22:55:38.6104543-05:00">
        <Text>[xUnit.net 00:00:04.60]     LigaVoleibol.Tests.TeamsControllerTests.GetTeamById_ReturnsNotFound_WhenMissing [FAIL]</Text>
      </RunInfo>
      <RunInfo computerName="MSI" outcome="Error" timestamp="2026-05-31T22:55:38.6279165-05:00">
        <Text>[xUnit.net 00:00:04.61]     LigaVoleibol.Tests.PlayersControllerTests.DeletePlayer_ReturnsNotFound_WhenMissing [FAIL]</Text>
      </RunInfo>
      <RunInfo computerName="MSI" outcome="Error" timestamp="2026-05-31T22:55:38.6291732-05:00">
        <Text>[xUnit.net 00:00:04.62]     LigaVoleibol.Tests.TeamsControllerTests.DeleteTeam_ReturnsNotFound_WhenMissing [FAIL]</Text>
      </RunInfo>
      <RunInfo computerName="MSI" outcome="Error" timestamp="2026-05-31T22:55:38.6532869-05:00">
        <Text>[xUnit.net 00:00:04.64]     LigaVoleibol.Tests.TeamsControllerTests.PutTeam_ReturnsOk_WhenExists [FAIL]</Text>
      </RunInfo>
      <RunInfo computerName="MSI" outcome="Error" timestamp="2026-05-31T22:55:38.6543107-05:00">
        <Text>[xUnit.net 00:00:04.64]     LigaVoleibol.Tests.PlayersControllerTests.GetPlayers_WithoutFilter_ReturnsAll [FAIL]</Text>
      </RunInfo>
      <RunInfo computerName="MSI" outcome="Error" timestamp="2026-05-31T22:55:38.6697505-05:00">
        <Text>[xUnit.net 00:00:04.66]     LigaVoleibol.Tests.PlayersControllerTests.DeletePlayer_ReturnsNoContent_WhenExists [FAIL]</Text>
      </RunInfo>
      <RunInfo computerName="MSI" outcome="Error" timestamp="2026-05-31T22:55:38.6704501-05:00">
        <Text>[xUnit.net 00:00:04.66]     LigaVoleibol.Tests.TeamsControllerTests.PutTeam_ReturnsNotFound_WhenMissing [FAIL]</Text>
      </RunInfo>
      <RunInfo computerName="MSI" outcome="Error" timestamp="2026-05-31T22:55:38.6904140-05:00">
        <Text>[xUnit.net 00:00:04.68]     LigaVoleibol.Tests.TeamsControllerTests.GetTeams_ReturnsOkWithList [FAIL]</Text>
      </RunInfo>
      <RunInfo computerName="MSI" outcome="Error" timestamp="2026-05-31T22:55:38.6934596-05:00">
        <Text>[xUnit.net 00:00:04.68]     LigaVoleibol.Tests.PlayersControllerTests.PostPlayer_ReturnsCreated [FAIL]</Text>
      </RunInfo>
      <RunInfo computerName="MSI" outcome="Error" timestamp="2026-05-31T22:55:38.7039934-05:00">
        <Text>[xUnit.net 00:00:04.69]     LigaVoleibol.Tests.TeamsControllerTests.DeleteTeam_ReturnsNoContent_WhenExists [FAIL]</Text>
      </RunInfo>
      <RunInfo computerName="MSI" outcome="Error" timestamp="2026-05-31T22:55:38.7162877-05:00">
        <Text>[xUnit.net 00:00:04.70]     LigaVoleibol.Tests.PlayersControllerTests.PostPlayer_ReturnsBadRequest_WhenTeamNotFound [FAIL]</Text>
      </RunInfo>
      <RunInfo computerName="MSI" outcome="Error" timestamp="2026-05-31T22:55:38.7326837-05:00">
        <Text>[xUnit.net 00:00:04.72]     LigaVoleibol.Tests.TeamsControllerTests.PostTeam_ReturnsBadRequest_WhenNameMissing [FAIL]</Text>
      </RunInfo>
      <RunInfo computerName="MSI" outcome="Error" timestamp="2026-05-31T22:55:38.7376040-05:00">
        <Text>[xUnit.net 00:00:04.72]     LigaVoleibol.Tests.PlayersControllerTests.PutPlayer_ReturnsNotFound_WhenMissing [FAIL]</Text>
      </RunInfo>
      <RunInfo computerName="MSI" outcome="Error" timestamp="2026-05-31T22:55:38.7693923-05:00">
        <Text>[xUnit.net 00:00:04.76]     LigaVoleibol.Tests.TeamsControllerTests.GetTeamById_ReturnsOk_WhenExists [FAIL]</Text>
      </RunInfo>
      <RunInfo computerName="MSI" outcome="Error" timestamp="2026-05-31T22:55:38.7729939-05:00">
        <Text>[xUnit.net 00:00:04.76]     LigaVoleibol.Tests.PlayersControllerTests.PutPlayer_ReturnsOk_WhenExists [FAIL]</Text>
      </RunInfo>
      <RunInfo computerName="MSI" outcome="Error" timestamp="2026-05-31T22:55:38.7820127-05:00">
        <Text>[xUnit.net 00:00:04.77]     LigaVoleibol.Tests.TeamsControllerTests.PostTeam_ReturnsCreatedWithId [FAIL]</Text>
      </RunInfo>
    </RunInfos>
  </ResultSummary>
</TestRun>